#
# There is insufficient memory for the Java Runtime Environment to continue.
# Native memory allocation (mmap) failed to map 65011712 bytes for Failed to commit area from 0x000000008df00000 to 0x0000000091d00000 of length 65011712.
# Possible reasons:
#   The system is out of physical RAM or swap space
#   The process is running with CompressedOops enabled, and the Java Heap may be blocking the growth of the native heap
# Possible solutions:
#   Reduce memory load on the system
#   Increase physical memory or swap space
#   Check if swap backing store is full
#   Decrease Java heap size (-Xmx/-Xms)
#   Decrease number of Java threads
#   Decrease Java thread stack sizes (-Xss)
#   Set larger code cache with -XX:ReservedCodeCacheSize=
#   JVM is running with Unscaled Compressed Oops mode in which the Java heap is
#     placed in the first 4GB address space. The Java Heap base address is the
#     maximum limit for the native heap growth. Please use -XX:HeapBaseMinAddress
#     to set the Java Heap base and to place the Java Heap above 4GB virtual address.
# This output file may be truncated or incomplete.
#
#  Out of Memory Error (./src/hotspot/os/windows/os_windows.cpp:3521), pid=10692, tid=8024
#
# JRE version: OpenJDK Runtime Environment (11.0.12+7) (build 11.0.12+7-b1504.28-7817840)
# Java VM: OpenJDK 64-Bit Server VM (11.0.12+7-b1504.28-7817840, mixed mode, tiered, compressed oops, g1 gc, windows-amd64)
# No core dump will be written. Minidumps are not enabled by default on client versions of Windows
#

---------------  S U M M A R Y ------------

Command Line: --add-opens=java.base/java.util=ALL-UNNAMED --add-opens=java.base/java.lang=ALL-UNNAMED --add-opens=java.base/java.lang.invoke=ALL-UNNAMED --add-opens=java.prefs/java.util.prefs=ALL-UNNAMED -Xmx2048m -Dfile.encoding=UTF-8 -Duser.country=RU -Duser.language=ru -Duser.variant org.gradle.launcher.daemon.bootstrap.GradleDaemon 6.5

Host: AMD Ryzen 5 5500U with Radeon Graphics         , 12 cores, 13G,  Windows 10 , 64 bit Build 19041 (10.0.19041.2364)
Time: Fri Feb 10 14:01:23 2023 RTZ 2 (зима) elapsed time: 412.362798 seconds (0d 0h 6m 52s)

---------------  T H R E A D  ---------------

Current thread (0x0000028d4bb41800):  VMThread "VM Thread" [stack: 0x000000a1ff700000,0x000000a1ff800000] [id=8024]

Stack: [0x000000a1ff700000,0x000000a1ff800000]
[error occurred during error reporting (printing stack bounds), id 0xc0000005, EXCEPTION_ACCESS_VIOLATION (0xc0000005) at pc=0x0000028d344d112d]

Native frames: (J=compiled Java code, j=interpreted, Vv=VM code, C=native code)
V  [jvm.dll+0x5fbcea]
V  [jvm.dll+0x731905]
V  [jvm.dll+0x732f1d]
V  [jvm.dll+0x733535]
V  [jvm.dll+0x7334eb]
V  [jvm.dll+0x5fb080]
V  [jvm.dll+0x5fb818]
C  [ntdll.dll+0xa241f]
C  [ntdll.dll+0x514a4]
C  [ntdll.dll+0xa0f4e]
C  0x0000028d344d112d

VM_Operation (0x000000a1826fad80): G1CollectForAllocation, mode: safepoint, requested by thread 0x0000028d67d06800


---------------  P R O C E S S  ---------------

Threads class SMR info:
_java_thread_list=0x0000028d4d392260, length=150, elements={
0x0000028d309c4000, 0x0000028d4bb44800, 0x0000028d4bb45800, 0x0000028d4bb66800,
0x0000028d4bb68800, 0x0000028d4bb69800, 0x0000028d4bb6a800, 0x0000028d4bbb1800,
0x0000028d4bbb2000, 0x0000028d4bd24800, 0x0000028d4de8f800, 0x0000028d4bdea800,
0x0000028d4d1ec000, 0x0000028d4da22800, 0x0000028d4da25000, 0x0000028d4da24800,
0x0000028d4e195800, 0x0000028d4e191800, 0x0000028d50da7800, 0x0000028d50da7000,
0x0000028d50daa000, 0x0000028d50da6000, 0x0000028d50da4800, 0x0000028d50dab000,
0x0000028d50da5000, 0x0000028d50daf000, 0x0000028d50dac000, 0x0000028d50db0000,
0x0000028d50dad800, 0x0000028d50dae000, 0x0000028d50db2800, 0x0000028d50db1800,
0x0000028d50dac800, 0x0000028d50db3000, 0x0000028d67d0b000, 0x0000028d67d06800,
0x0000028d67d0a800, 0x0000028d67d08800, 0x0000028d67d0c000, 0x0000028d67d0d000,
0x0000028d67d07000, 0x0000028d67d0d800, 0x0000028d67d08000, 0x0000028d67d12800,
0x0000028d67d13800, 0x0000028d67d14000, 0x0000028d67d0e800, 0x0000028d67d15000,
0x0000028d67d0f000, 0x0000028d67d10000, 0x0000028d67d11000, 0x0000028d67d11800,
0x0000028d4e192000, 0x0000028d4e193000, 0x0000028d4e198800, 0x0000028d4e193800,
0x0000028d4e199800, 0x0000028d4e194800, 0x0000028d4e19e800, 0x0000028d4e19b000,
0x0000028d4e19c000, 0x0000028d4e19c800, 0x0000028d4e19d800, 0x0000028d4e19f000,
0x0000028d4e1a0000, 0x0000028d4da26000, 0x0000028d4da22000, 0x0000028d4da20800,
0x0000028d4da27000, 0x0000028d4da21000, 0x0000028d4da23800, 0x0000028d64b4e000,
0x0000028d64b52000, 0x0000028d64b4f000, 0x0000028d64b4f800, 0x0000028d64b50800,
0x0000028d64b4d000, 0x0000028d64b53800, 0x0000028d64b53000, 0x0000028d64b55800,
0x0000028d64b54800, 0x0000028d64b57000, 0x0000028d64b56000, 0x0000028d64b51800,
0x0000028d64b58000, 0x0000028d64b5c000, 0x0000028d64b5b000, 0x0000028d64b58800,
0x0000028d64b59800, 0x0000028d64b5a800, 0x0000028d54cf1000, 0x0000028d54cf2000,
0x0000028d54cef000, 0x0000028d54cec800, 0x0000028d54cf0800, 0x0000028d54cf3000,
0x0000028d54ced000, 0x0000028d54cf3800, 0x0000028d54cee000, 0x0000028d54cef800,
0x0000028d54cf6000, 0x0000028d54cf8800, 0x0000028d54cf7000, 0x0000028d54cf4800,
0x0000028d54cfb000, 0x0000028d54cf5800, 0x0000028d54cf8000, 0x0000028d54cf9800,
0x0000028d54cfa000, 0x0000028d51420000, 0x0000028d5141f000, 0x0000028d5141e800,
0x0000028d51420800, 0x0000028d5141d800, 0x0000028d51421800, 0x0000028d51422800,
0x0000028d5141c800, 0x0000028d51425800, 0x0000028d51423000, 0x0000028d51425000,
0x0000028d51428000, 0x0000028d51429000, 0x0000028d51429800, 0x0000028d51424000,
0x0000028d51427000, 0x0000028d51426800, 0x0000028d5142a800, 0x0000028d5142b800,
0x0000028d4e764800, 0x0000028d4e762000, 0x0000028d4e765800, 0x0000028d4e761800,
0x0000028d4e763000, 0x0000028d4e760800, 0x0000028d4e760000, 0x0000028d4e769800,
0x0000028d4e76a800, 0x0000028d4e769000, 0x0000028d4e76b000, 0x0000028d4e76c000,
0x0000028d4e766800, 0x0000028d4e76d000, 0x0000028d4e767000, 0x0000028d4e76d800,
0x0000028d4e768000, 0x0000028d4e76e800, 0x0000028d55731000, 0x0000028d55732000,
0x0000028d55733800, 0x0000028d55736000
}

Java Threads: ( => current thread )
  0x0000028d309c4000 JavaThread "main" [_thread_blocked, id=2124, stack(0x000000a1ff100000,0x000000a1ff200000)]
  0x0000028d4bb44800 JavaThread "Reference Handler" daemon [_thread_blocked, id=14580, stack(0x000000a1ff800000,0x000000a1ff900000)]
  0x0000028d4bb45800 JavaThread "Finalizer" daemon [_thread_blocked, id=7536, stack(0x000000a1ff900000,0x000000a1ffa00000)]
  0x0000028d4bb66800 JavaThread "Signal Dispatcher" daemon [_thread_blocked, id=16036, stack(0x000000a1ffa00000,0x000000a1ffb00000)]
  0x0000028d4bb68800 JavaThread "Attach Listener" daemon [_thread_blocked, id=1240, stack(0x000000a1ffb00000,0x000000a1ffc00000)]
  0x0000028d4bb69800 JavaThread "Service Thread" daemon [_thread_blocked, id=11044, stack(0x000000a1ffc00000,0x000000a1ffd00000)]
  0x0000028d4bb6a800 JavaThread "C2 CompilerThread0" daemon [_thread_blocked, id=15780, stack(0x000000a1ffd00000,0x000000a1ffe00000)]
  0x0000028d4bbb1800 JavaThread "C1 CompilerThread0" daemon [_thread_blocked, id=11952, stack(0x000000a1ffe00000,0x000000a1fff00000)]
  0x0000028d4bbb2000 JavaThread "Sweeper thread" daemon [_thread_blocked, id=3420, stack(0x000000a1fff00000,0x000000a200000000)]
  0x0000028d4bd24800 JavaThread "Common-Cleaner" daemon [_thread_blocked, id=8764, stack(0x000000a180000000,0x000000a180100000)]
  0x0000028d4de8f800 JavaThread "Daemon health stats" [_thread_blocked, id=2080, stack(0x000000a180800000,0x000000a180900000)]
  0x0000028d4bdea800 JavaThread "Incoming local TCP Connector on port 13662" [_thread_in_native, id=2004, stack(0x000000a180900000,0x000000a180a00000)]
  0x0000028d4d1ec000 JavaThread "Daemon periodic checks" [_thread_blocked, id=660, stack(0x000000a180a00000,0x000000a180b00000)]
  0x0000028d4da22800 JavaThread "Cache worker for journal cache (C:\Users\Artik\.gradle\caches\journal-1)" [_thread_blocked, id=1608, stack(0x000000a181300000,0x000000a181400000)]
  0x0000028d4da25000 JavaThread "File lock request listener" [_thread_in_native, id=16308, stack(0x000000a181400000,0x000000a181500000)]
  0x0000028d4da24800 JavaThread "Cache worker for file hash cache (C:\Users\Artik\.gradle\caches\6.5\fileHashes)" [_thread_blocked, id=11352, stack(0x000000a181500000,0x000000a181600000)]
  0x0000028d4e195800 JavaThread "Cache worker for execution history cache (C:\Users\Artik\.gradle\caches\6.5\executionHistory)" [_thread_blocked, id=16332, stack(0x000000a183800000,0x000000a183900000)]
  0x0000028d4e191800 JavaThread "Cache worker for file content cache (C:\Users\Artik\.gradle\caches\6.5\fileContent)" [_thread_blocked, id=12176, stack(0x000000a183900000,0x000000a183a00000)]
  0x0000028d50da7800 JavaThread "Memory manager" [_thread_blocked, id=592, stack(0x000000a189000000,0x000000a189100000)]
  0x0000028d50da7000 JavaThread "Daemon Thread 2" [_thread_blocked, id=14872, stack(0x000000a180b00000,0x000000a180c00000)]
  0x0000028d50daa000 JavaThread "Handler for socket connection from /127.0.0.1:13662 to /127.0.0.1:1936" [_thread_in_native, id=14472, stack(0x000000a180c00000,0x000000a180d00000)]
  0x0000028d50da6000 JavaThread "Cancel handler" [_thread_blocked, id=10368, stack(0x000000a180d00000,0x000000a180e00000)]
  0x0000028d50da4800 JavaThread "Daemon worker Thread 2" [_thread_blocked, id=1292, stack(0x000000a180e00000,0x000000a180f00000)]
  0x0000028d50dab000 JavaThread "Asynchronous log dispatcher for DefaultDaemonConnection: socket connection from /127.0.0.1:13662 to /127.0.0.1:1936" [_thread_blocked, id=7760, stack(0x000000a180f00000,0x000000a181000000)]
  0x0000028d50da5000 JavaThread "Stdin handler" [_thread_blocked, id=14824, stack(0x000000a181000000,0x000000a181100000)]
  0x0000028d50daf000 JavaThread "Thread-164" [_thread_blocked, id=2020, stack(0x000000a181100000,0x000000a181200000)]
  0x0000028d50dac000 JavaThread "Cache worker for file hash cache (E:\PMS\lab8-9\.gradle\6.5\fileHashes)" [_thread_blocked, id=16064, stack(0x000000a181200000,0x000000a181300000)]
  0x0000028d50db0000 JavaThread "Cache worker for checksums cache (E:\PMS\lab8-9\.gradle\checksums)" [_thread_blocked, id=11212, stack(0x000000a181d00000,0x000000a181e00000)]
  0x0000028d50dad800 JavaThread "Cache worker for cache directory md-supplier (C:\Users\Artik\.gradle\caches\6.5\md-supplier)" [_thread_blocked, id=860, stack(0x000000a181e00000,0x000000a181f00000)]
  0x0000028d50dae000 JavaThread "Cache worker for cache directory md-rule (C:\Users\Artik\.gradle\caches\6.5\md-rule)" [_thread_blocked, id=2488, stack(0x000000a181f00000,0x000000a182000000)]
  0x0000028d50db2800 JavaThread "Build operations" [_thread_blocked, id=684, stack(0x000000a182100000,0x000000a182200000)]
  0x0000028d50db1800 JavaThread "Build operations Thread 2" [_thread_blocked, id=15016, stack(0x000000a182200000,0x000000a182300000)]
  0x0000028d50dac800 JavaThread "Build operations Thread 3" [_thread_blocked, id=9744, stack(0x000000a182300000,0x000000a182400000)]
  0x0000028d50db3000 JavaThread "Build operations Thread 4" [_thread_blocked, id=13288, stack(0x000000a182400000,0x000000a182500000)]
  0x0000028d67d0b000 JavaThread "Build operations Thread 5" [_thread_blocked, id=13300, stack(0x000000a182500000,0x000000a182600000)]
  0x0000028d67d06800 JavaThread "Build operations Thread 6" [_thread_blocked, id=6284, stack(0x000000a182600000,0x000000a182700000)]
  0x0000028d67d0a800 JavaThread "Build operations Thread 7" [_thread_blocked, id=15236, stack(0x000000a182700000,0x000000a182800000)]
  0x0000028d67d08800 JavaThread "Build operations Thread 8" [_thread_blocked, id=11244, stack(0x000000a182800000,0x000000a182900000)]
  0x0000028d67d0c000 JavaThread "Build operations Thread 9" [_thread_blocked, id=12860, stack(0x000000a182900000,0x000000a182a00000)]
  0x0000028d67d0d000 JavaThread "Build operations Thread 10" [_thread_blocked, id=2460, stack(0x000000a182a00000,0x000000a182b00000)]
  0x0000028d67d07000 JavaThread "Build operations Thread 11" [_thread_blocked, id=16336, stack(0x000000a182b00000,0x000000a182c00000)]
  0x0000028d67d0d800 JavaThread "Build operations Thread 12" [_thread_blocked, id=12200, stack(0x000000a182c00000,0x000000a182d00000)]
  0x0000028d67d08000 JavaThread "jar transforms Thread 116" [_thread_blocked, id=9328, stack(0x000000a182d00000,0x000000a182e00000)]
  0x0000028d67d12800 JavaThread "jar transforms Thread 117" [_thread_blocked, id=10420, stack(0x000000a182e00000,0x000000a182f00000)]
  0x0000028d67d13800 JavaThread "jar transforms Thread 118" [_thread_blocked, id=15244, stack(0x000000a182f00000,0x000000a183000000)]
  0x0000028d67d14000 JavaThread "jar transforms Thread 119" [_thread_blocked, id=8724, stack(0x000000a183000000,0x000000a183100000)]
  0x0000028d67d0e800 JavaThread "jar transforms Thread 120" [_thread_blocked, id=16116, stack(0x000000a183100000,0x000000a183200000)]
  0x0000028d67d15000 JavaThread "jar transforms Thread 121" [_thread_blocked, id=7812, stack(0x000000a183200000,0x000000a183300000)]
  0x0000028d67d0f000 JavaThread "jar transforms Thread 122" [_thread_blocked, id=6940, stack(0x000000a183300000,0x000000a183400000)]
  0x0000028d67d10000 JavaThread "jar transforms Thread 123" [_thread_blocked, id=14984, stack(0x000000a183400000,0x000000a183500000)]
  0x0000028d67d11000 JavaThread "jar transforms Thread 124" [_thread_blocked, id=7188, stack(0x000000a183500000,0x000000a183600000)]
  0x0000028d67d11800 JavaThread "jar transforms Thread 125" [_thread_blocked, id=2228, stack(0x000000a183600000,0x000000a183700000)]
  0x0000028d4e192000 JavaThread "jar transforms Thread 126" [_thread_blocked, id=8968, stack(0x000000a183e00000,0x000000a183f00000)]
  0x0000028d4e193000 JavaThread "jar transforms Thread 127" [_thread_blocked, id=15060, stack(0x000000a183f00000,0x000000a184000000)]
  0x0000028d4e198800 JavaThread "jar transforms Thread 128" [_thread_blocked, id=15840, stack(0x000000a184000000,0x000000a184100000)]
  0x0000028d4e193800 JavaThread "jar transforms Thread 129" [_thread_blocked, id=15432, stack(0x000000a184200000,0x000000a184300000)]
  0x0000028d4e199800 JavaThread "jar transforms Thread 130" [_thread_blocked, id=10112, stack(0x000000a184300000,0x000000a184400000)]
  0x0000028d4e194800 JavaThread "jar transforms Thread 131" [_thread_blocked, id=15748, stack(0x000000a184400000,0x000000a184500000)]
  0x0000028d4e19e800 JavaThread "jar transforms Thread 132" [_thread_blocked, id=3732, stack(0x000000a184500000,0x000000a184600000)]
  0x0000028d4e19b000 JavaThread "jar transforms Thread 133" [_thread_blocked, id=6192, stack(0x000000a184600000,0x000000a184700000)]
  0x0000028d4e19c000 JavaThread "jar transforms Thread 134" [_thread_blocked, id=7388, stack(0x000000a184700000,0x000000a184800000)]
  0x0000028d4e19c800 JavaThread "jar transforms Thread 135" [_thread_blocked, id=13820, stack(0x000000a184800000,0x000000a184900000)]
  0x0000028d4e19d800 JavaThread "jar transforms Thread 136" [_thread_blocked, id=4588, stack(0x000000a184900000,0x000000a184a00000)]
  0x0000028d4e19f000 JavaThread "jar transforms Thread 137" [_thread_blocked, id=8680, stack(0x000000a184a00000,0x000000a184b00000)]
  0x0000028d4e1a0000 JavaThread "jar transforms Thread 138" [_thread_blocked, id=5184, stack(0x000000a184b00000,0x000000a184c00000)]
  0x0000028d4da26000 JavaThread "jar transforms Thread 139" [_thread_blocked, id=928, stack(0x000000a184c00000,0x000000a184d00000)]
  0x0000028d4da22000 JavaThread "jar transforms Thread 140" [_thread_blocked, id=15404, stack(0x000000a184d00000,0x000000a184e00000)]
  0x0000028d4da20800 JavaThread "jar transforms Thread 141" [_thread_blocked, id=14920, stack(0x000000a184e00000,0x000000a184f00000)]
  0x0000028d4da27000 JavaThread "jar transforms Thread 142" [_thread_blocked, id=15892, stack(0x000000a184f00000,0x000000a185000000)]
  0x0000028d4da21000 JavaThread "jar transforms Thread 143" [_thread_blocked, id=5608, stack(0x000000a185000000,0x000000a185100000)]
  0x0000028d4da23800 JavaThread "jar transforms Thread 144" [_thread_blocked, id=3980, stack(0x000000a185100000,0x000000a185200000)]
  0x0000028d64b4e000 JavaThread "jar transforms Thread 145" [_thread_blocked, id=12616, stack(0x000000a185200000,0x000000a185300000)]
  0x0000028d64b52000 JavaThread "jar transforms Thread 146" [_thread_blocked, id=13796, stack(0x000000a185300000,0x000000a185400000)]
  0x0000028d64b4f000 JavaThread "jar transforms Thread 147" [_thread_blocked, id=11384, stack(0x000000a185400000,0x000000a185500000)]
  0x0000028d64b4f800 JavaThread "jar transforms Thread 148" [_thread_blocked, id=13036, stack(0x000000a185500000,0x000000a185600000)]
  0x0000028d64b50800 JavaThread "jar transforms Thread 149" [_thread_blocked, id=1640, stack(0x000000a185600000,0x000000a185700000)]
  0x0000028d64b4d000 JavaThread "jar transforms Thread 150" [_thread_blocked, id=13896, stack(0x000000a185700000,0x000000a185800000)]
  0x0000028d64b53800 JavaThread "jar transforms Thread 151" [_thread_blocked, id=14944, stack(0x000000a185800000,0x000000a185900000)]
  0x0000028d64b53000 JavaThread "jar transforms Thread 152" [_thread_blocked, id=10288, stack(0x000000a185900000,0x000000a185a00000)]
  0x0000028d64b55800 JavaThread "jar transforms Thread 153" [_thread_blocked, id=11516, stack(0x000000a185a00000,0x000000a185b00000)]
  0x0000028d64b54800 JavaThread "jar transforms Thread 154" [_thread_blocked, id=4620, stack(0x000000a185b00000,0x000000a185c00000)]
  0x0000028d64b57000 JavaThread "jar transforms Thread 155" [_thread_blocked, id=9040, stack(0x000000a185c00000,0x000000a185d00000)]
  0x0000028d64b56000 JavaThread "jar transforms Thread 156" [_thread_blocked, id=11888, stack(0x000000a185d00000,0x000000a185e00000)]
  0x0000028d64b51800 JavaThread "jar transforms Thread 157" [_thread_blocked, id=16328, stack(0x000000a185e00000,0x000000a185f00000)]
  0x0000028d64b58000 JavaThread "jar transforms Thread 158" [_thread_blocked, id=8660, stack(0x000000a185f00000,0x000000a186000000)]
  0x0000028d64b5c000 JavaThread "jar transforms Thread 159" [_thread_blocked, id=16096, stack(0x000000a186000000,0x000000a186100000)]
  0x0000028d64b5b000 JavaThread "jar transforms Thread 160" [_thread_blocked, id=8180, stack(0x000000a186100000,0x000000a186200000)]
  0x0000028d64b58800 JavaThread "jar transforms Thread 161" [_thread_blocked, id=1756, stack(0x000000a186200000,0x000000a186300000)]
  0x0000028d64b59800 JavaThread "jar transforms Thread 162" [_thread_blocked, id=16220, stack(0x000000a186300000,0x000000a186400000)]
  0x0000028d64b5a800 JavaThread "jar transforms Thread 163" [_thread_blocked, id=6004, stack(0x000000a186400000,0x000000a186500000)]
  0x0000028d54cf1000 JavaThread "jar transforms Thread 164" [_thread_blocked, id=11092, stack(0x000000a186500000,0x000000a186600000)]
  0x0000028d54cf2000 JavaThread "jar transforms Thread 165" [_thread_blocked, id=8944, stack(0x000000a186600000,0x000000a186700000)]
  0x0000028d54cef000 JavaThread "jar transforms Thread 166" [_thread_blocked, id=15476, stack(0x000000a186700000,0x000000a186800000)]
  0x0000028d54cec800 JavaThread "jar transforms Thread 167" [_thread_blocked, id=8020, stack(0x000000a186800000,0x000000a186900000)]
  0x0000028d54cf0800 JavaThread "jar transforms Thread 168" [_thread_blocked, id=10380, stack(0x000000a186900000,0x000000a186a00000)]
  0x0000028d54cf3000 JavaThread "jar transforms Thread 169" [_thread_blocked, id=896, stack(0x000000a186a00000,0x000000a186b00000)]
  0x0000028d54ced000 JavaThread "jar transforms Thread 170" [_thread_blocked, id=11416, stack(0x000000a186b00000,0x000000a186c00000)]
  0x0000028d54cf3800 JavaThread "jar transforms Thread 171" [_thread_blocked, id=988, stack(0x000000a186c00000,0x000000a186d00000)]
  0x0000028d54cee000 JavaThread "jar transforms Thread 172" [_thread_blocked, id=6196, stack(0x000000a186d00000,0x000000a186e00000)]
  0x0000028d54cef800 JavaThread "jar transforms Thread 173" [_thread_blocked, id=5808, stack(0x000000a186e00000,0x000000a186f00000)]
  0x0000028d54cf6000 JavaThread "jar transforms Thread 174" [_thread_blocked, id=13468, stack(0x000000a186f00000,0x000000a187000000)]
  0x0000028d54cf8800 JavaThread "jar transforms Thread 175" [_thread_blocked, id=14576, stack(0x000000a187000000,0x000000a187100000)]
  0x0000028d54cf7000 JavaThread "jar transforms Thread 176" [_thread_blocked, id=7980, stack(0x000000a187100000,0x000000a187200000)]
  0x0000028d54cf4800 JavaThread "jar transforms Thread 177" [_thread_blocked, id=9592, stack(0x000000a187200000,0x000000a187300000)]
  0x0000028d54cfb000 JavaThread "jar transforms Thread 178" [_thread_blocked, id=13596, stack(0x000000a187300000,0x000000a187400000)]
  0x0000028d54cf5800 JavaThread "jar transforms Thread 179" [_thread_blocked, id=7224, stack(0x000000a187400000,0x000000a187500000)]
  0x0000028d54cf8000 JavaThread "jar transforms Thread 180" [_thread_blocked, id=15412, stack(0x000000a187500000,0x000000a187600000)]
  0x0000028d54cf9800 JavaThread "jar transforms Thread 181" [_thread_blocked, id=14516, stack(0x000000a187600000,0x000000a187700000)]
  0x0000028d54cfa000 JavaThread "jar transforms Thread 182" [_thread_blocked, id=3108, stack(0x000000a187700000,0x000000a187800000)]
  0x0000028d51420000 JavaThread "jar transforms Thread 183" [_thread_blocked, id=15220, stack(0x000000a187800000,0x000000a187900000)]
  0x0000028d5141f000 JavaThread "jar transforms Thread 184" [_thread_blocked, id=15828, stack(0x000000a187900000,0x000000a187a00000)]
  0x0000028d5141e800 JavaThread "jar transforms Thread 185" [_thread_blocked, id=13080, stack(0x000000a187a00000,0x000000a187b00000)]
  0x0000028d51420800 JavaThread "jar transforms Thread 186" [_thread_blocked, id=15304, stack(0x000000a187b00000,0x000000a187c00000)]
  0x0000028d5141d800 JavaThread "jar transforms Thread 187" [_thread_blocked, id=15684, stack(0x000000a187c00000,0x000000a187d00000)]
  0x0000028d51421800 JavaThread "jar transforms Thread 188" [_thread_blocked, id=11524, stack(0x000000a187d00000,0x000000a187e00000)]
  0x0000028d51422800 JavaThread "jar transforms Thread 189" [_thread_blocked, id=15456, stack(0x000000a187e00000,0x000000a187f00000)]
  0x0000028d5141c800 JavaThread "jar transforms Thread 190" [_thread_blocked, id=15512, stack(0x000000a187f00000,0x000000a188000000)]
  0x0000028d51425800 JavaThread "jar transforms Thread 191" [_thread_blocked, id=11760, stack(0x000000a188000000,0x000000a188100000)]
  0x0000028d51423000 JavaThread "jar transforms Thread 192" [_thread_blocked, id=10704, stack(0x000000a188100000,0x000000a188200000)]
  0x0000028d51425000 JavaThread "jar transforms Thread 193" [_thread_blocked, id=13276, stack(0x000000a188200000,0x000000a188300000)]
  0x0000028d51428000 JavaThread "jar transforms Thread 194" [_thread_blocked, id=11552, stack(0x000000a188300000,0x000000a188400000)]
  0x0000028d51429000 JavaThread "jar transforms Thread 195" [_thread_blocked, id=9820, stack(0x000000a188400000,0x000000a188500000)]
  0x0000028d51429800 JavaThread "jar transforms Thread 196" [_thread_blocked, id=12724, stack(0x000000a188500000,0x000000a188600000)]
  0x0000028d51424000 JavaThread "jar transforms Thread 197" [_thread_blocked, id=9168, stack(0x000000a188600000,0x000000a188700000)]
  0x0000028d51427000 JavaThread "jar transforms Thread 198" [_thread_blocked, id=9588, stack(0x000000a188700000,0x000000a188800000)]
  0x0000028d51426800 JavaThread "jar transforms Thread 199" [_thread_blocked, id=11276, stack(0x000000a188800000,0x000000a188900000)]
  0x0000028d5142a800 JavaThread "jar transforms Thread 200" [_thread_blocked, id=15956, stack(0x000000a188900000,0x000000a188a00000)]
  0x0000028d5142b800 JavaThread "jar transforms Thread 201" [_thread_blocked, id=13068, stack(0x000000a188a00000,0x000000a188b00000)]
  0x0000028d4e764800 JavaThread "jar transforms Thread 202" [_thread_blocked, id=14312, stack(0x000000a188b00000,0x000000a188c00000)]
  0x0000028d4e762000 JavaThread "jar transforms Thread 203" [_thread_blocked, id=12424, stack(0x000000a188c00000,0x000000a188d00000)]
  0x0000028d4e765800 JavaThread "jar transforms Thread 204" [_thread_blocked, id=8468, stack(0x000000a188d00000,0x000000a188e00000)]
  0x0000028d4e761800 JavaThread "jar transforms Thread 205" [_thread_blocked, id=9160, stack(0x000000a188e00000,0x000000a188f00000)]
  0x0000028d4e763000 JavaThread "jar transforms Thread 206" [_thread_blocked, id=8952, stack(0x000000a188f00000,0x000000a189000000)]
  0x0000028d4e760800 JavaThread "jar transforms Thread 207" [_thread_blocked, id=4444, stack(0x000000a189100000,0x000000a189200000)]
  0x0000028d4e760000 JavaThread "Cache worker for Build Output Cleanup Cache (E:\PMS\lab8-9\.gradle\buildOutputCleanup)" [_thread_blocked, id=2384, stack(0x000000a189200000,0x000000a189300000)]
  0x0000028d4e769800 JavaThread "Cache worker for file content cache (E:\PMS\lab8-9\.gradle\6.5\fileContent)" [_thread_blocked, id=5340, stack(0x000000a189400000,0x000000a189500000)]
  0x0000028d4e76a800 JavaThread "Execution worker for ':'" [_thread_blocked, id=13916, stack(0x000000a189500000,0x000000a189600000)]
  0x0000028d4e769000 JavaThread "Execution worker for ':' Thread 2" [_thread_blocked, id=13044, stack(0x000000a189600000,0x000000a189700000)]
  0x0000028d4e76b000 JavaThread "Execution worker for ':' Thread 3" [_thread_blocked, id=8464, stack(0x000000a189700000,0x000000a189800000)]
  0x0000028d4e76c000 JavaThread "Execution worker for ':' Thread 4" [_thread_blocked, id=16264, stack(0x000000a189800000,0x000000a189900000)]
  0x0000028d4e766800 JavaThread "Execution worker for ':' Thread 5" [_thread_blocked, id=2788, stack(0x000000a189900000,0x000000a189a00000)]
  0x0000028d4e76d000 JavaThread "Execution worker for ':' Thread 6" [_thread_blocked, id=4176, stack(0x000000a189a00000,0x000000a189b00000)]
  0x0000028d4e767000 JavaThread "Execution worker for ':' Thread 7" [_thread_blocked, id=11396, stack(0x000000a189b00000,0x000000a189c00000)]
  0x0000028d4e76d800 JavaThread "Execution worker for ':' Thread 8" [_thread_blocked, id=6028, stack(0x000000a189c00000,0x000000a189d00000)]
  0x0000028d4e768000 JavaThread "Execution worker for ':' Thread 9" [_thread_blocked, id=15796, stack(0x000000a189d00000,0x000000a189e00000)]
  0x0000028d4e76e800 JavaThread "Execution worker for ':' Thread 10" [_thread_blocked, id=3988, stack(0x000000a189e00000,0x000000a189f00000)]
  0x0000028d55731000 JavaThread "Execution worker for ':' Thread 11" [_thread_blocked, id=13212, stack(0x000000a189f00000,0x000000a18a000000)]
  0x0000028d55732000 JavaThread "Cache worker for execution history cache (E:\PMS\lab8-9\.gradle\6.5\executionHistory)" [_thread_blocked, id=4580, stack(0x000000a18a000000,0x000000a18a100000)]
  0x0000028d55733800 JavaThread "C2 CompilerThread1" daemon [_thread_blocked, id=7892, stack(0x000000a180200000,0x000000a180300000)]
  0x0000028d55736000 JavaThread "C2 CompilerThread2" daemon [_thread_blocked, id=16272, stack(0x000000a180700000,0x000000a180800000)]

Other Threads:
=>0x0000028d4bb41800 VMThread "VM Thread" [stack: 0x000000a1ff700000,0x000000a1ff800000] [id=8024]
  0x0000028d4bd41000 WatcherThread [stack: 0x000000a180100000,0x000000a180200000] [id=6232]
  0x0000028d309d8000 GCTaskThread "GC Thread#0" [stack: 0x000000a1ff200000,0x000000a1ff300000] [id=14396]
  0x0000028d4c871800 GCTaskThread "GC Thread#1" [stack: 0x000000a180300000,0x000000a180400000] [id=14664]
  0x0000028d4c2f1000 GCTaskThread "GC Thread#2" [stack: 0x000000a180400000,0x000000a180500000] [id=3860]
  0x0000028d4cd0c800 GCTaskThread "GC Thread#3" [stack: 0x000000a180500000,0x000000a180600000] [id=2992]
  0x0000028d4cdf8000 GCTaskThread "GC Thread#4" [stack: 0x000000a180600000,0x000000a180700000] [id=10268]
  0x0000028d4dd41800 GCTaskThread "GC Thread#5" [stack: 0x000000a181600000,0x000000a181700000] [id=3184]
  0x0000028d4d58b800 GCTaskThread "GC Thread#6" [stack: 0x000000a181700000,0x000000a181800000] [id=16160]
  0x0000028d4d58c800 GCTaskThread "GC Thread#7" [stack: 0x000000a181800000,0x000000a181900000] [id=11564]
  0x0000028d4e0e8000 GCTaskThread "GC Thread#8" [stack: 0x000000a181900000,0x000000a181a00000] [id=8080]
  0x0000028d4e0e8800 GCTaskThread "GC Thread#9" [stack: 0x000000a181a00000,0x000000a181b00000] [id=14528]
  0x0000028d30a09000 ConcurrentGCThread "G1 Main Marker" [stack: 0x000000a1ff300000,0x000000a1ff400000] [id=6444]
  0x0000028d30a0a800 ConcurrentGCThread "G1 Conc#0" [stack: 0x000000a1ff400000,0x000000a1ff500000] [id=7144]
  0x0000028d4cd98800 ConcurrentGCThread "G1 Conc#1" [stack: 0x000000a181b00000,0x000000a181c00000] [id=8744]
  0x0000028d4cd99800 ConcurrentGCThread "G1 Conc#2" [stack: 0x000000a181c00000,0x000000a181d00000] [id=13748]
  0x0000028d4b18a800 ConcurrentGCThread "G1 Refine#0" [stack: 0x000000a1ff500000,0x000000a1ff600000] [id=7864]
  0x0000028d51385800 ConcurrentGCThread "G1 Refine#1" [stack: 0x000000a183700000,0x000000a183800000] [id=5224]
  0x0000028d51387000 ConcurrentGCThread "G1 Refine#2" [stack: 0x000000a183a00000,0x000000a183b00000] [id=6148]
  0x0000028d5af93800 ConcurrentGCThread "G1 Refine#3" [stack: 0x000000a183b00000,0x000000a183c00000] [id=14884]
  0x0000028d5af92000 ConcurrentGCThread "G1 Refine#4" [stack: 0x000000a183c00000,0x000000a183d00000] [id=1872]
  0x0000028d5af92800 ConcurrentGCThread "G1 Refine#5" [stack: 0x000000a183d00000,0x000000a183e00000] [id=4048]
  0x0000028d4b18b800 ConcurrentGCThread "G1 Young RemSet Sampling" [stack: 0x000000a1ff600000,0x000000a1ff700000] [id=6924]

Threads with active compile tasks:
C2 CompilerThread0 412371 16511       4       org.objectweb.asm.MethodWriter::visitIincInsn (135 bytes)
C2 CompilerThread1 412371 16510       4       org.objectweb.asm.SymbolTable::addConstantLongOrDouble (109 bytes)

VM state:at safepoint (normal execution)

VM Mutex/Monitor currently owned by a thread:  ([mutex/lock_event])
[0x0000028d309bffd0] Threads_lock - owner thread: 0x0000028d4bb41800
[0x0000028d309c07b0] Heap_lock - owner thread: 0x0000028d67d06800

Heap address: 0x0000000080000000, size: 2048 MB, Compressed Oops mode: 32-bit
Narrow klass base: 0x0000000000000000, Narrow klass shift: 3
Compressed class space size: 1073741824 Address: 0x0000000100000000

Heap:
 garbage-first heap   total 291840K, used 136572K [0x0000000080000000, 0x0000000100000000)
  region size 1024K, 2 young (2048K), 2 survivors (2048K)
 Metaspace       used 106979K, capacity 109788K, committed 109996K, reserved 1144832K
  class space    used 13008K, capacity 13983K, committed 14080K, reserved 1048576K
Heap Regions: E=young(eden), S=young(survivor), O=old, HS=humongous(starts), HC=humongous(continues), CS=collection set, F=free, A=archive, TAMS=top-at-mark-start (previous, next)
|   0|0x0000000080000000, 0x0000000080100000, 0x0000000080100000|100%| O|  |TAMS 0x0000000080100000, 0x0000000080100000| Untracked 
|   1|0x0000000080100000, 0x0000000080200000, 0x0000000080200000|100%| O|  |TAMS 0x0000000080200000, 0x0000000080200000| Untracked 
|   2|0x0000000080200000, 0x0000000080300000, 0x0000000080300000|100%| O|  |TAMS 0x0000000080300000, 0x0000000080300000| Untracked 
|   3|0x0000000080300000, 0x0000000080400000, 0x0000000080400000|100%|HS|  |TAMS 0x0000000080400000, 0x0000000080400000| Complete 
|   4|0x0000000080400000, 0x0000000080500000, 0x0000000080500000|100%|HC|  |TAMS 0x0000000080500000, 0x0000000080500000| Complete 
|   5|0x0000000080500000, 0x0000000080600000, 0x0000000080600000|100%|HC|  |TAMS 0x0000000080600000, 0x0000000080600000| Complete 
|   6|0x0000000080600000, 0x0000000080700000, 0x0000000080700000|100%| O|  |TAMS 0x0000000080700000, 0x0000000080700000| Untracked 
|   7|0x0000000080700000, 0x0000000080800000, 0x0000000080800000|100%| O|  |TAMS 0x0000000080800000, 0x0000000080800000| Untracked 
|   8|0x0000000080800000, 0x0000000080900000, 0x0000000080900000|100%| O|  |TAMS 0x0000000080900000, 0x0000000080900000| Untracked 
|   9|0x0000000080900000, 0x0000000080a00000, 0x0000000080a00000|100%| O|  |TAMS 0x0000000080a00000, 0x0000000080a00000| Untracked 
|  10|0x0000000080a00000, 0x0000000080b00000, 0x0000000080b00000|100%| O|  |TAMS 0x0000000080b00000, 0x0000000080b00000| Untracked 
|  11|0x0000000080b00000, 0x0000000080c00000, 0x0000000080c00000|100%| O|  |TAMS 0x0000000080c00000, 0x0000000080c00000| Untracked 
|  12|0x0000000080c00000, 0x0000000080d00000, 0x0000000080d00000|100%| O|  |TAMS 0x0000000080d00000, 0x0000000080d00000| Untracked 
|  13|0x0000000080d00000, 0x0000000080e00000, 0x0000000080e00000|100%| O|  |TAMS 0x0000000080e00000, 0x0000000080e00000| Untracked 
|  14|0x0000000080e00000, 0x0000000080f00000, 0x0000000080f00000|100%| O|  |TAMS 0x0000000080f00000, 0x0000000080f00000| Untracked 
|  15|0x0000000080f00000, 0x0000000081000000, 0x0000000081000000|100%| O|  |TAMS 0x0000000081000000, 0x0000000081000000| Untracked 
|  16|0x0000000081000000, 0x0000000081100000, 0x0000000081100000|100%|HS|  |TAMS 0x0000000081100000, 0x0000000081100000| Complete 
|  17|0x0000000081100000, 0x0000000081200000, 0x0000000081200000|100%|HC|  |TAMS 0x0000000081200000, 0x0000000081200000| Complete 
|  18|0x0000000081200000, 0x0000000081300000, 0x0000000081300000|100%|HS|  |TAMS 0x0000000081300000, 0x0000000081300000| Complete 
|  19|0x0000000081300000, 0x0000000081400000, 0x0000000081400000|100%|HC|  |TAMS 0x0000000081400000, 0x0000000081400000| Complete 
|  20|0x0000000081400000, 0x0000000081500000, 0x0000000081500000|100%|HC|  |TAMS 0x0000000081500000, 0x0000000081500000| Complete 
|  21|0x0000000081500000, 0x0000000081600000, 0x0000000081600000|100%|HS|  |TAMS 0x0000000081600000, 0x0000000081600000| Complete 
|  22|0x0000000081600000, 0x0000000081700000, 0x0000000081700000|100%|HS|  |TAMS 0x0000000081700000, 0x0000000081700000| Complete 
|  23|0x0000000081700000, 0x0000000081800000, 0x0000000081800000|100%|HC|  |TAMS 0x0000000081800000, 0x0000000081800000| Complete 
|  24|0x0000000081800000, 0x0000000081900000, 0x0000000081900000|100%|HC|  |TAMS 0x0000000081900000, 0x0000000081900000| Complete 
|  25|0x0000000081900000, 0x0000000081a00000, 0x0000000081a00000|100%|HC|  |TAMS 0x0000000081a00000, 0x0000000081a00000| Complete 
|  26|0x0000000081a00000, 0x0000000081b00000, 0x0000000081b00000|100%| O|  |TAMS 0x0000000081b00000, 0x0000000081b00000| Untracked 
|  27|0x0000000081b00000, 0x0000000081c00000, 0x0000000081c00000|100%| O|  |TAMS 0x0000000081c00000, 0x0000000081c00000| Untracked 
|  28|0x0000000081c00000, 0x0000000081d00000, 0x0000000081d00000|100%| O|  |TAMS 0x0000000081d00000, 0x0000000081d00000| Untracked 
|  29|0x0000000081d00000, 0x0000000081e00000, 0x0000000081e00000|100%| O|  |TAMS 0x0000000081e00000, 0x0000000081e00000| Untracked 
|  30|0x0000000081e00000, 0x0000000081f00000, 0x0000000081f00000|100%| O|  |TAMS 0x0000000081f00000, 0x0000000081f00000| Untracked 
|  31|0x0000000081f00000, 0x0000000082000000, 0x0000000082000000|100%| O|  |TAMS 0x0000000082000000, 0x0000000082000000| Untracked 
|  32|0x0000000082000000, 0x0000000082000000, 0x0000000082100000|  0%| F|  |TAMS 0x0000000082000000, 0x0000000082000000| Untracked 
|  33|0x0000000082100000, 0x0000000082200000, 0x0000000082200000|100%| O|  |TAMS 0x0000000082200000, 0x0000000082200000| Untracked 
|  34|0x0000000082200000, 0x0000000082200000, 0x0000000082300000|  0%| F|  |TAMS 0x0000000082200000, 0x0000000082200000| Untracked 
|  35|0x0000000082300000, 0x0000000082400000, 0x0000000082400000|100%| O|  |TAMS 0x0000000082400000, 0x0000000082400000| Untracked 
|  36|0x0000000082400000, 0x0000000082500000, 0x0000000082500000|100%| O|  |TAMS 0x0000000082500000, 0x0000000082500000| Untracked 
|  37|0x0000000082500000, 0x0000000082600000, 0x0000000082600000|100%| O|  |TAMS 0x0000000082600000, 0x0000000082600000| Untracked 
|  38|0x0000000082600000, 0x0000000082700000, 0x0000000082700000|100%| O|  |TAMS 0x0000000082700000, 0x0000000082700000| Untracked 
|  39|0x0000000082700000, 0x0000000082800000, 0x0000000082800000|100%| O|  |TAMS 0x0000000082800000, 0x0000000082800000| Untracked 
|  40|0x0000000082800000, 0x0000000082900000, 0x0000000082900000|100%| O|  |TAMS 0x0000000082900000, 0x0000000082900000| Untracked 
|  41|0x0000000082900000, 0x0000000082a00000, 0x0000000082a00000|100%| O|  |TAMS 0x0000000082a00000, 0x0000000082a00000| Untracked 
|  42|0x0000000082a00000, 0x0000000082a00000, 0x0000000082b00000|  0%| F|  |TAMS 0x0000000082a00000, 0x0000000082a00000| Untracked 
|  43|0x0000000082b00000, 0x0000000082c00000, 0x0000000082c00000|100%| O|  |TAMS 0x0000000082c00000, 0x0000000082c00000| Untracked 
|  44|0x0000000082c00000, 0x0000000082d00000, 0x0000000082d00000|100%| O|  |TAMS 0x0000000082d00000, 0x0000000082d00000| Untracked 
|  45|0x0000000082d00000, 0x0000000082e00000, 0x0000000082e00000|100%| O|  |TAMS 0x0000000082e00000, 0x0000000082e00000| Untracked 
|  46|0x0000000082e00000, 0x0000000082f00000, 0x0000000082f00000|100%| O|  |TAMS 0x0000000082f00000, 0x0000000082f00000| Untracked 
|  47|0x0000000082f00000, 0x0000000083000000, 0x0000000083000000|100%| O|  |TAMS 0x0000000083000000, 0x0000000083000000| Untracked 
|  48|0x0000000083000000, 0x0000000083100000, 0x0000000083100000|100%| O|  |TAMS 0x0000000083100000, 0x0000000083100000| Untracked 
|  49|0x0000000083100000, 0x0000000083200000, 0x0000000083200000|100%| O|  |TAMS 0x0000000083200000, 0x0000000083200000| Untracked 
|  50|0x0000000083200000, 0x0000000083300000, 0x0000000083300000|100%| O|  |TAMS 0x0000000083300000, 0x0000000083300000| Untracked 
|  51|0x0000000083300000, 0x0000000083400000, 0x0000000083400000|100%| O|  |TAMS 0x0000000083400000, 0x0000000083400000| Untracked 
|  52|0x0000000083400000, 0x0000000083500000, 0x0000000083500000|100%| O|  |TAMS 0x0000000083500000, 0x0000000083500000| Untracked 
|  53|0x0000000083500000, 0x0000000083600000, 0x0000000083600000|100%| O|  |TAMS 0x0000000083600000, 0x0000000083600000| Untracked 
|  54|0x0000000083600000, 0x0000000083700000, 0x0000000083700000|100%| O|  |TAMS 0x0000000083700000, 0x0000000083700000| Untracked 
|  55|0x0000000083700000, 0x0000000083800000, 0x0000000083800000|100%|HS|  |TAMS 0x0000000083800000, 0x0000000083800000| Complete 
|  56|0x0000000083800000, 0x0000000083900000, 0x0000000083900000|100%| O|  |TAMS 0x0000000083900000, 0x0000000083900000| Untracked 
|  57|0x0000000083900000, 0x0000000083a00000, 0x0000000083a00000|100%| O|  |TAMS 0x0000000083a00000, 0x0000000083a00000| Untracked 
|  58|0x0000000083a00000, 0x0000000083b00000, 0x0000000083b00000|100%| O|  |TAMS 0x0000000083b00000, 0x0000000083b00000| Untracked 
|  59|0x0000000083b00000, 0x0000000083c00000, 0x0000000083c00000|100%| O|  |TAMS 0x0000000083c00000, 0x0000000083c00000| Untracked 
|  60|0x0000000083c00000, 0x0000000083d00000, 0x0000000083d00000|100%| O|  |TAMS 0x0000000083d00000, 0x0000000083d00000| Untracked 
|  61|0x0000000083d00000, 0x0000000083e00000, 0x0000000083e00000|100%| O|  |TAMS 0x0000000083e00000, 0x0000000083e00000| Untracked 
|  62|0x0000000083e00000, 0x0000000083f00000, 0x0000000083f00000|100%| O|  |TAMS 0x0000000083f00000, 0x0000000083f00000| Untracked 
|  63|0x0000000083f00000, 0x0000000084000000, 0x0000000084000000|100%| O|  |TAMS 0x0000000084000000, 0x0000000084000000| Untracked 
|  64|0x0000000084000000, 0x0000000084100000, 0x0000000084100000|100%| O|  |TAMS 0x0000000084100000, 0x0000000084100000| Untracked 
|  65|0x0000000084100000, 0x0000000084200000, 0x0000000084200000|100%| O|  |TAMS 0x0000000084200000, 0x0000000084200000| Untracked 
|  66|0x0000000084200000, 0x0000000084300000, 0x0000000084300000|100%| O|  |TAMS 0x0000000084300000, 0x0000000084300000| Untracked 
|  67|0x0000000084300000, 0x0000000084400000, 0x0000000084400000|100%| O|  |TAMS 0x0000000084400000, 0x0000000084400000| Untracked 
|  68|0x0000000084400000, 0x0000000084500000, 0x0000000084500000|100%| O|  |TAMS 0x0000000084500000, 0x0000000084500000| Untracked 
|  69|0x0000000084500000, 0x0000000084600000, 0x0000000084600000|100%| O|  |TAMS 0x0000000084600000, 0x0000000084600000| Untracked 
|  70|0x0000000084600000, 0x0000000084700000, 0x0000000084700000|100%| O|  |TAMS 0x0000000084700000, 0x0000000084700000| Untracked 
|  71|0x0000000084700000, 0x0000000084700000, 0x0000000084800000|  0%| F|  |TAMS 0x0000000084700000, 0x0000000084700000| Untracked 
|  72|0x0000000084800000, 0x0000000084900000, 0x0000000084900000|100%| O|  |TAMS 0x0000000084900000, 0x0000000084900000| Untracked 
|  73|0x0000000084900000, 0x0000000084a00000, 0x0000000084a00000|100%| O|  |TAMS 0x0000000084a00000, 0x0000000084a00000| Untracked 
|  74|0x0000000084a00000, 0x0000000084b00000, 0x0000000084b00000|100%| O|  |TAMS 0x0000000084b00000, 0x0000000084b00000| Untracked 
|  75|0x0000000084b00000, 0x0000000084c00000, 0x0000000084c00000|100%| O|  |TAMS 0x0000000084c00000, 0x0000000084c00000| Untracked 
|  76|0x0000000084c00000, 0x0000000084d00000, 0x0000000084d00000|100%| O|  |TAMS 0x0000000084d00000, 0x0000000084d00000| Untracked 
|  77|0x0000000084d00000, 0x0000000084e00000, 0x0000000084e00000|100%| O|  |TAMS 0x0000000084e00000, 0x0000000084e00000| Untracked 
|  78|0x0000000084e00000, 0x0000000084f00000, 0x0000000084f00000|100%| O|  |TAMS 0x0000000084f00000, 0x0000000084f00000| Untracked 
|  79|0x0000000084f00000, 0x0000000085000000, 0x0000000085000000|100%| O|  |TAMS 0x0000000085000000, 0x0000000085000000| Untracked 
|  80|0x0000000085000000, 0x0000000085100000, 0x0000000085100000|100%| O|  |TAMS 0x0000000085100000, 0x0000000085100000| Untracked 
|  81|0x0000000085100000, 0x0000000085200000, 0x0000000085200000|100%| O|  |TAMS 0x0000000085200000, 0x0000000085200000| Untracked 
|  82|0x0000000085200000, 0x0000000085300000, 0x0000000085300000|100%|HS|  |TAMS 0x0000000085300000, 0x0000000085300000| Complete 
|  83|0x0000000085300000, 0x0000000085400000, 0x0000000085400000|100%|HC|  |TAMS 0x0000000085400000, 0x0000000085400000| Complete 
|  84|0x0000000085400000, 0x0000000085500000, 0x0000000085500000|100%| O|  |TAMS 0x0000000085500000, 0x0000000085500000| Untracked 
|  85|0x0000000085500000, 0x0000000085600000, 0x0000000085600000|100%| O|  |TAMS 0x0000000085600000, 0x0000000085600000| Untracked 
|  86|0x0000000085600000, 0x0000000085700000, 0x0000000085700000|100%| O|  |TAMS 0x0000000085700000, 0x0000000085700000| Untracked 
|  87|0x0000000085700000, 0x0000000085800000, 0x0000000085800000|100%| O|  |TAMS 0x0000000085800000, 0x0000000085800000| Untracked 
|  88|0x0000000085800000, 0x0000000085900000, 0x0000000085900000|100%| O|  |TAMS 0x0000000085900000, 0x0000000085900000| Untracked 
|  89|0x0000000085900000, 0x0000000085a00000, 0x0000000085a00000|100%| O|  |TAMS 0x0000000085a00000, 0x0000000085a00000| Untracked 
|  90|0x0000000085a00000, 0x0000000085b00000, 0x0000000085b00000|100%| O|  |TAMS 0x0000000085b00000, 0x0000000085b00000| Untracked 
|  91|0x0000000085b00000, 0x0000000085c00000, 0x0000000085c00000|100%| O|  |TAMS 0x0000000085c00000, 0x0000000085c00000| Untracked 
|  92|0x0000000085c00000, 0x0000000085d00000, 0x0000000085d00000|100%| O|  |TAMS 0x0000000085d00000, 0x0000000085d00000| Untracked 
|  93|0x0000000085d00000, 0x0000000085dffff8, 0x0000000085e00000| 99%| O|  |TAMS 0x0000000085dffff8, 0x0000000085dffff8| Untracked 
|  94|0x0000000085e00000, 0x0000000085f00000, 0x0000000085f00000|100%| O|  |TAMS 0x0000000085f00000, 0x0000000085f00000| Untracked 
|  95|0x0000000085f00000, 0x0000000086000000, 0x0000000086000000|100%| O|  |TAMS 0x0000000086000000, 0x0000000086000000| Untracked 
|  96|0x0000000086000000, 0x0000000086100000, 0x0000000086100000|100%|HS|  |TAMS 0x0000000086100000, 0x0000000086100000| Complete 
|  97|0x0000000086100000, 0x0000000086200000, 0x0000000086200000|100%|HC|  |TAMS 0x0000000086200000, 0x0000000086200000| Complete 
|  98|0x0000000086200000, 0x0000000086300000, 0x0000000086300000|100%|HS|  |TAMS 0x0000000086300000, 0x0000000086300000| Complete 
|  99|0x0000000086300000, 0x0000000086400000, 0x0000000086400000|100%|HC|  |TAMS 0x0000000086400000, 0x0000000086400000| Complete 
| 100|0x0000000086400000, 0x0000000086500000, 0x0000000086500000|100%|HC|  |TAMS 0x0000000086500000, 0x0000000086500000| Complete 
| 101|0x0000000086500000, 0x0000000086600000, 0x0000000086600000|100%| O|  |TAMS 0x0000000086600000, 0x0000000086600000| Untracked 
| 102|0x0000000086600000, 0x0000000086700000, 0x0000000086700000|100%| O|  |TAMS 0x0000000086700000, 0x0000000086700000| Untracked 
| 103|0x0000000086700000, 0x0000000086800000, 0x0000000086800000|100%| O|  |TAMS 0x0000000086800000, 0x0000000086800000| Untracked 
| 104|0x0000000086800000, 0x0000000086900000, 0x0000000086900000|100%| O|  |TAMS 0x0000000086900000, 0x0000000086900000| Untracked 
| 105|0x0000000086900000, 0x0000000086a00000, 0x0000000086a00000|100%| O|  |TAMS 0x0000000086a00000, 0x0000000086a00000| Untracked 
| 106|0x0000000086a00000, 0x0000000086b00000, 0x0000000086b00000|100%|HS|  |TAMS 0x0000000086b00000, 0x0000000086b00000| Complete 
| 107|0x0000000086b00000, 0x0000000086c00000, 0x0000000086c00000|100%|HS|  |TAMS 0x0000000086c00000, 0x0000000086c00000| Complete 
| 108|0x0000000086c00000, 0x0000000086d00000, 0x0000000086d00000|100%|HC|  |TAMS 0x0000000086d00000, 0x0000000086d00000| Complete 
| 109|0x0000000086d00000, 0x0000000086e00000, 0x0000000086e00000|100%|HC|  |TAMS 0x0000000086e00000, 0x0000000086e00000| Complete 
| 110|0x0000000086e00000, 0x0000000086f00000, 0x0000000086f00000|100%|HC|  |TAMS 0x0000000086f00000, 0x0000000086f00000| Complete 
| 111|0x0000000086f00000, 0x0000000087000000, 0x0000000087000000|100%| O|  |TAMS 0x0000000087000000, 0x0000000087000000| Untracked 
| 112|0x0000000087000000, 0x0000000087100000, 0x0000000087100000|100%| O|  |TAMS 0x0000000087100000, 0x0000000087100000| Untracked 
| 113|0x0000000087100000, 0x0000000087100000, 0x0000000087200000|  0%| F|  |TAMS 0x0000000087100000, 0x0000000087100000| Untracked 
| 114|0x0000000087200000, 0x0000000087300000, 0x0000000087300000|100%| O|  |TAMS 0x0000000087300000, 0x0000000087300000| Untracked 
| 115|0x0000000087300000, 0x0000000087400000, 0x0000000087400000|100%| O|  |TAMS 0x0000000087400000, 0x0000000087400000| Untracked 
| 116|0x0000000087400000, 0x0000000087500000, 0x0000000087500000|100%| O|  |TAMS 0x0000000087500000, 0x0000000087500000| Untracked 
| 117|0x0000000087500000, 0x0000000087600000, 0x0000000087600000|100%|HS|  |TAMS 0x0000000087600000, 0x0000000087600000| Complete 
| 118|0x0000000087600000, 0x0000000087700000, 0x0000000087700000|100%|HC|  |TAMS 0x0000000087700000, 0x0000000087700000| Complete 
| 119|0x0000000087700000, 0x0000000087800000, 0x0000000087800000|100%| O|  |TAMS 0x0000000087800000, 0x0000000087800000| Untracked 
| 120|0x0000000087800000, 0x0000000087900000, 0x0000000087900000|100%| O|  |TAMS 0x0000000087900000, 0x0000000087900000| Untracked 
| 121|0x0000000087900000, 0x0000000087a00000, 0x0000000087a00000|100%| O|  |TAMS 0x0000000087a00000, 0x0000000087a00000| Untracked 
| 122|0x0000000087a00000, 0x0000000087b00000, 0x0000000087b00000|100%| O|  |TAMS 0x0000000087b00000, 0x0000000087b00000| Untracked 
| 123|0x0000000087b00000, 0x0000000087c00000, 0x0000000087c00000|100%| O|  |TAMS 0x0000000087c00000, 0x0000000087c00000| Untracked 
| 124|0x0000000087c00000, 0x0000000087d00000, 0x0000000087d00000|100%| O|  |TAMS 0x0000000087d00000, 0x0000000087d00000| Untracked 
| 125|0x0000000087d00000, 0x0000000087e00000, 0x0000000087e00000|100%| O|  |TAMS 0x0000000087e00000, 0x0000000087e00000| Untracked 
| 126|0x0000000087e00000, 0x0000000087f00000, 0x0000000087f00000|100%| O|  |TAMS 0x0000000087f00000, 0x0000000087f00000| Untracked 
| 127|0x0000000087f00000, 0x0000000088000000, 0x0000000088000000|100%|HS|  |TAMS 0x0000000088000000, 0x0000000088000000| Complete 
| 128|0x0000000088000000, 0x0000000088100000, 0x0000000088100000|100%| O|  |TAMS 0x0000000088100000, 0x0000000088100000| Untracked 
| 129|0x0000000088100000, 0x0000000088200000, 0x0000000088200000|100%| O|  |TAMS 0x0000000088100000, 0x0000000088200000| Untracked 
| 130|0x0000000088200000, 0x0000000088300000, 0x0000000088300000|100%| O|  |TAMS 0x0000000088231400, 0x0000000088300000| Untracked 
| 131|0x0000000088300000, 0x0000000088400000, 0x0000000088400000|100%| O|  |TAMS 0x0000000088300000, 0x0000000088400000| Untracked 
| 132|0x0000000088400000, 0x0000000088500000, 0x0000000088500000|100%| O|  |TAMS 0x0000000088400000, 0x0000000088500000| Untracked 
| 133|0x0000000088500000, 0x0000000088600000, 0x0000000088600000|100%|HS|  |TAMS 0x0000000088600000, 0x0000000088600000| Complete 
| 134|0x0000000088600000, 0x0000000088700000, 0x0000000088700000|100%| O|  |TAMS 0x0000000088600000, 0x0000000088700000| Untracked 
| 135|0x0000000088700000, 0x0000000088800000, 0x0000000088800000|100%| O|  |TAMS 0x0000000088700000, 0x0000000088800000| Untracked 
| 136|0x0000000088800000, 0x00000000888dd200, 0x0000000088900000| 86%| O|  |TAMS 0x0000000088800000, 0x00000000888dd200| Untracked 
| 137|0x0000000088900000, 0x0000000088900000, 0x0000000088a00000|  0%| F|  |TAMS 0x0000000088900000, 0x0000000088900000| Untracked 
| 138|0x0000000088a00000, 0x0000000088a00000, 0x0000000088b00000|  0%| F|  |TAMS 0x0000000088a00000, 0x0000000088a00000| Untracked 
| 139|0x0000000088b00000, 0x0000000088b00000, 0x0000000088c00000|  0%| F|  |TAMS 0x0000000088b00000, 0x0000000088b00000| Untracked 
| 140|0x0000000088c00000, 0x0000000088c00000, 0x0000000088d00000|  0%| F|  |TAMS 0x0000000088c00000, 0x0000000088c00000| Untracked 
| 141|0x0000000088d00000, 0x0000000088d00000, 0x0000000088e00000|  0%| F|  |TAMS 0x0000000088d00000, 0x0000000088d00000| Untracked 
| 142|0x0000000088e00000, 0x0000000088e00000, 0x0000000088f00000|  0%| F|  |TAMS 0x0000000088e00000, 0x0000000088e00000| Untracked 
| 143|0x0000000088f00000, 0x0000000088f00000, 0x0000000089000000|  0%| F|  |TAMS 0x0000000088f00000, 0x0000000088f00000| Untracked 
| 144|0x0000000089000000, 0x0000000089000000, 0x0000000089100000|  0%| F|  |TAMS 0x0000000089000000, 0x0000000089000000| Untracked 
| 145|0x0000000089100000, 0x0000000089100000, 0x0000000089200000|  0%| F|  |TAMS 0x0000000089100000, 0x0000000089100000| Untracked 
| 146|0x0000000089200000, 0x0000000089200000, 0x0000000089300000|  0%| F|  |TAMS 0x0000000089200000, 0x0000000089200000| Untracked 
| 147|0x0000000089300000, 0x0000000089300000, 0x0000000089400000|  0%| F|  |TAMS 0x0000000089300000, 0x0000000089300000| Untracked 
| 148|0x0000000089400000, 0x0000000089400000, 0x0000000089500000|  0%| F|  |TAMS 0x0000000089400000, 0x0000000089400000| Untracked 
| 149|0x0000000089500000, 0x0000000089500000, 0x0000000089600000|  0%| F|  |TAMS 0x0000000089500000, 0x0000000089500000| Untracked 
| 150|0x0000000089600000, 0x0000000089600000, 0x0000000089700000|  0%| F|  |TAMS 0x0000000089600000, 0x0000000089600000| Untracked 
| 151|0x0000000089700000, 0x0000000089700000, 0x0000000089800000|  0%| F|  |TAMS 0x0000000089700000, 0x0000000089700000| Untracked 
| 152|0x0000000089800000, 0x0000000089800000, 0x0000000089900000|  0%| F|  |TAMS 0x0000000089800000, 0x0000000089800000| Untracked 
| 153|0x0000000089900000, 0x0000000089900000, 0x0000000089a00000|  0%| F|  |TAMS 0x0000000089900000, 0x0000000089900000| Untracked 
| 154|0x0000000089a00000, 0x0000000089a00000, 0x0000000089b00000|  0%| F|  |TAMS 0x0000000089a00000, 0x0000000089a00000| Untracked 
| 155|0x0000000089b00000, 0x0000000089b00000, 0x0000000089c00000|  0%| F|  |TAMS 0x0000000089b00000, 0x0000000089b00000| Untracked 
| 156|0x0000000089c00000, 0x0000000089c00000, 0x0000000089d00000|  0%| F|  |TAMS 0x0000000089c00000, 0x0000000089c00000| Untracked 
| 157|0x0000000089d00000, 0x0000000089d00000, 0x0000000089e00000|  0%| F|  |TAMS 0x0000000089d00000, 0x0000000089d00000| Untracked 
| 158|0x0000000089e00000, 0x0000000089e00000, 0x0000000089f00000|  0%| F|  |TAMS 0x0000000089e00000, 0x0000000089e00000| Untracked 
| 159|0x0000000089f00000, 0x0000000089f00000, 0x000000008a000000|  0%| F|  |TAMS 0x0000000089f00000, 0x0000000089f00000| Untracked 
| 160|0x000000008a000000, 0x000000008a000000, 0x000000008a100000|  0%| F|  |TAMS 0x000000008a000000, 0x000000008a000000| Untracked 
| 161|0x000000008a100000, 0x000000008a100000, 0x000000008a200000|  0%| F|  |TAMS 0x000000008a100000, 0x000000008a100000| Untracked 
| 162|0x000000008a200000, 0x000000008a200000, 0x000000008a300000|  0%| F|  |TAMS 0x000000008a200000, 0x000000008a200000| Untracked 
| 163|0x000000008a300000, 0x000000008a300000, 0x000000008a400000|  0%| F|  |TAMS 0x000000008a300000, 0x000000008a300000| Untracked 
| 164|0x000000008a400000, 0x000000008a400000, 0x000000008a500000|  0%| F|  |TAMS 0x000000008a400000, 0x000000008a400000| Untracked 
| 165|0x000000008a500000, 0x000000008a500000, 0x000000008a600000|  0%| F|  |TAMS 0x000000008a500000, 0x000000008a500000| Untracked 
| 166|0x000000008a600000, 0x000000008a600000, 0x000000008a700000|  0%| F|  |TAMS 0x000000008a600000, 0x000000008a600000| Untracked 
| 167|0x000000008a700000, 0x000000008a700000, 0x000000008a800000|  0%| F|  |TAMS 0x000000008a700000, 0x000000008a700000| Untracked 
| 168|0x000000008a800000, 0x000000008a800000, 0x000000008a900000|  0%| F|  |TAMS 0x000000008a800000, 0x000000008a800000| Untracked 
| 169|0x000000008a900000, 0x000000008a900000, 0x000000008aa00000|  0%| F|  |TAMS 0x000000008a900000, 0x000000008a900000| Untracked 
| 170|0x000000008aa00000, 0x000000008aa00000, 0x000000008ab00000|  0%| F|  |TAMS 0x000000008aa00000, 0x000000008aa00000| Untracked 
| 171|0x000000008ab00000, 0x000000008ab00000, 0x000000008ac00000|  0%| F|  |TAMS 0x000000008ab00000, 0x000000008ab00000| Untracked 
| 172|0x000000008ac00000, 0x000000008ac00000, 0x000000008ad00000|  0%| F|  |TAMS 0x000000008ac00000, 0x000000008ac00000| Untracked 
| 173|0x000000008ad00000, 0x000000008ad00000, 0x000000008ae00000|  0%| F|  |TAMS 0x000000008ad00000, 0x000000008ad00000| Untracked 
| 174|0x000000008ae00000, 0x000000008ae00000, 0x000000008af00000|  0%| F|  |TAMS 0x000000008ae00000, 0x000000008ae00000| Untracked 
| 175|0x000000008af00000, 0x000000008af00000, 0x000000008b000000|  0%| F|  |TAMS 0x000000008af00000, 0x000000008af00000| Untracked 
| 176|0x000000008b000000, 0x000000008b000000, 0x000000008b100000|  0%| F|  |TAMS 0x000000008b000000, 0x000000008b000000| Untracked 
| 177|0x000000008b100000, 0x000000008b181f98, 0x000000008b200000| 50%| S|CS|TAMS 0x000000008b100000, 0x000000008b100000| Complete 
| 178|0x000000008b200000, 0x000000008b300000, 0x000000008b300000|100%| S|CS|TAMS 0x000000008b200000, 0x000000008b200000| Complete 
| 179|0x000000008b300000, 0x000000008b300000, 0x000000008b400000|  0%| F|  |TAMS 0x000000008b300000, 0x000000008b300000| Untracked 
| 180|0x000000008b400000, 0x000000008b400000, 0x000000008b500000|  0%| F|  |TAMS 0x000000008b400000, 0x000000008b400000| Untracked 
| 181|0x000000008b500000, 0x000000008b500000, 0x000000008b600000|  0%| F|  |TAMS 0x000000008b500000, 0x000000008b500000| Untracked 
| 182|0x000000008b600000, 0x000000008b600000, 0x000000008b700000|  0%| F|  |TAMS 0x000000008b600000, 0x000000008b600000| Untracked 
| 183|0x000000008b700000, 0x000000008b700000, 0x000000008b800000|  0%| F|  |TAMS 0x000000008b700000, 0x000000008b700000| Untracked 
| 184|0x000000008b800000, 0x000000008b800000, 0x000000008b900000|  0%| F|  |TAMS 0x000000008b800000, 0x000000008b800000| Untracked 
| 185|0x000000008b900000, 0x000000008b900000, 0x000000008ba00000|  0%| F|  |TAMS 0x000000008b900000, 0x000000008b900000| Untracked 
| 186|0x000000008ba00000, 0x000000008ba00000, 0x000000008bb00000|  0%| F|  |TAMS 0x000000008ba00000, 0x000000008ba00000| Untracked 
| 187|0x000000008bb00000, 0x000000008bb00000, 0x000000008bc00000|  0%| F|  |TAMS 0x000000008bb00000, 0x000000008bb00000| Untracked 
| 188|0x000000008bc00000, 0x000000008bc00000, 0x000000008bd00000|  0%| F|  |TAMS 0x000000008bc00000, 0x000000008bc00000| Untracked 
| 189|0x000000008bd00000, 0x000000008bd00000, 0x000000008be00000|  0%| F|  |TAMS 0x000000008bd00000, 0x000000008bd00000| Untracked 
| 190|0x000000008be00000, 0x000000008be00000, 0x000000008bf00000|  0%| F|  |TAMS 0x000000008be00000, 0x000000008be00000| Untracked 
| 191|0x000000008bf00000, 0x000000008bf00000, 0x000000008c000000|  0%| F|  |TAMS 0x000000008bf00000, 0x000000008bf00000| Untracked 
| 192|0x000000008c000000, 0x000000008c000000, 0x000000008c100000|  0%| F|  |TAMS 0x000000008c000000, 0x000000008c000000| Untracked 
| 193|0x000000008c100000, 0x000000008c100000, 0x000000008c200000|  0%| F|  |TAMS 0x000000008c100000, 0x000000008c100000| Untracked 
| 194|0x000000008c200000, 0x000000008c200000, 0x000000008c300000|  0%| F|  |TAMS 0x000000008c200000, 0x000000008c200000| Untracked 
| 195|0x000000008c300000, 0x000000008c300000, 0x000000008c400000|  0%| F|  |TAMS 0x000000008c300000, 0x000000008c300000| Untracked 
| 196|0x000000008c400000, 0x000000008c400000, 0x000000008c500000|  0%| F|  |TAMS 0x000000008c400000, 0x000000008c400000| Untracked 
| 197|0x000000008c500000, 0x000000008c500000, 0x000000008c600000|  0%| F|  |TAMS 0x000000008c500000, 0x000000008c500000| Untracked 
| 198|0x000000008c600000, 0x000000008c600000, 0x000000008c700000|  0%| F|  |TAMS 0x000000008c600000, 0x000000008c600000| Untracked 
| 199|0x000000008c700000, 0x000000008c700000, 0x000000008c800000|  0%| F|  |TAMS 0x000000008c700000, 0x000000008c700000| Untracked 
| 200|0x000000008c800000, 0x000000008c800000, 0x000000008c900000|  0%| F|  |TAMS 0x000000008c800000, 0x000000008c800000| Untracked 
| 201|0x000000008c900000, 0x000000008c900000, 0x000000008ca00000|  0%| F|  |TAMS 0x000000008c900000, 0x000000008c900000| Untracked 
| 202|0x000000008ca00000, 0x000000008ca00000, 0x000000008cb00000|  0%| F|  |TAMS 0x000000008ca00000, 0x000000008ca00000| Untracked 
| 203|0x000000008cb00000, 0x000000008cb00000, 0x000000008cc00000|  0%| F|  |TAMS 0x000000008cb00000, 0x000000008cb00000| Untracked 
| 204|0x000000008cc00000, 0x000000008cc00000, 0x000000008cd00000|  0%| F|  |TAMS 0x000000008cc00000, 0x000000008cc00000| Untracked 
| 205|0x000000008cd00000, 0x000000008cd00000, 0x000000008ce00000|  0%| F|  |TAMS 0x000000008cd00000, 0x000000008cd00000| Untracked 
| 206|0x000000008ce00000, 0x000000008ce00000, 0x000000008cf00000|  0%| F|  |TAMS 0x000000008ce00000, 0x000000008ce00000| Untracked 
| 207|0x000000008cf00000, 0x000000008cf00000, 0x000000008d000000|  0%| F|  |TAMS 0x000000008cf00000, 0x000000008cf00000| Untracked 
| 208|0x000000008d000000, 0x000000008d000000, 0x000000008d100000|  0%| F|  |TAMS 0x000000008d000000, 0x000000008d000000| Untracked 
| 209|0x000000008d100000, 0x000000008d100000, 0x000000008d200000|  0%| F|  |TAMS 0x000000008d100000, 0x000000008d100000| Untracked 
| 210|0x000000008d200000, 0x000000008d200000, 0x000000008d300000|  0%| F|  |TAMS 0x000000008d200000, 0x000000008d200000| Untracked 
| 211|0x000000008d300000, 0x000000008d300000, 0x000000008d400000|  0%| F|  |TAMS 0x000000008d300000, 0x000000008d300000| Untracked 
| 212|0x000000008d400000, 0x000000008d400000, 0x000000008d500000|  0%| F|  |TAMS 0x000000008d400000, 0x000000008d400000| Untracked 
| 213|0x000000008d500000, 0x000000008d500000, 0x000000008d600000|  0%| F|  |TAMS 0x000000008d500000, 0x000000008d500000| Untracked 
| 214|0x000000008d600000, 0x000000008d600000, 0x000000008d700000|  0%| F|  |TAMS 0x000000008d600000, 0x000000008d600000| Untracked 
| 215|0x000000008d700000, 0x000000008d700000, 0x000000008d800000|  0%| F|  |TAMS 0x000000008d700000, 0x000000008d700000| Untracked 
| 216|0x000000008d800000, 0x000000008d800000, 0x000000008d900000|  0%| F|  |TAMS 0x000000008d800000, 0x000000008d800000| Untracked 
| 217|0x000000008d900000, 0x000000008d900000, 0x000000008da00000|  0%| F|  |TAMS 0x000000008d900000, 0x000000008d900000| Untracked 
| 218|0x000000008da00000, 0x000000008da00000, 0x000000008db00000|  0%| F|  |TAMS 0x000000008da00000, 0x000000008da00000| Untracked 
| 219|0x000000008db00000, 0x000000008db00000, 0x000000008dc00000|  0%| F|  |TAMS 0x000000008db00000, 0x000000008db00000| Untracked 
| 220|0x000000008dc00000, 0x000000008dc00000, 0x000000008dd00000|  0%| F|  |TAMS 0x000000008dc00000, 0x000000008dc00000| Untracked 
| 221|0x000000008dd00000, 0x000000008dd00000, 0x000000008de00000|  0%| F|  |TAMS 0x000000008dd00000, 0x000000008dd00000| Untracked 
| 222|0x000000008de00000, 0x000000008de00000, 0x000000008df00000|  0%| F|  |TAMS 0x000000008de00000, 0x000000008de00000| Untracked 

Card table byte_map: [0x0000028d43e20000,0x0000028d44220000] _byte_map_base: 0x0000028d43a20000

Marking Bits (Prev, Next): (CMBitMap*) 0x0000028d30a000a0, (CMBitMap*) 0x0000028d30a00068
 Prev Bits: [0x0000028d46620000, 0x0000028d48620000)
 Next Bits: [0x0000028d44620000, 0x0000028d46620000)

Polling page: 0x0000028d2e950000

Metaspace:

Usage:
  Non-class:     93.56 MB capacity,    91.77 MB ( 98%) used,     1.52 MB (  2%) free+waste,   276.75 KB ( <1%) overhead. 
      Class:     13.66 MB capacity,    12.70 MB ( 93%) used,   849.08 KB (  6%) free+waste,   125.50 KB ( <1%) overhead. 
       Both:    107.21 MB capacity,   104.47 MB ( 97%) used,     2.35 MB (  2%) free+waste,   402.25 KB ( <1%) overhead. 

Virtual space:
  Non-class space:       94.00 MB reserved,      93.67 MB (>99%) committed 
      Class space:        1.00 GB reserved,      13.75 MB (  1%) committed 
             Both:        1.09 GB reserved,     107.42 MB ( 10%) committed 

Chunk freelists:
   Non-Class:  47.00 KB
       Class:  1.00 KB
        Both:  48.00 KB

MaxMetaspaceSize: 17179869184.00 GB
CompressedClassSpaceSize: 1.00 GB
Initial GC threshold: 20.80 MB
Current GC threshold: 179.03 MB
CDS: off

CodeHeap 'non-profiled nmethods': size=120000Kb used=14207Kb max_used=15013Kb free=105792Kb
 bounds [0x0000028d3bfa0000, 0x0000028d3ce60000, 0x0000028d434d0000]
CodeHeap 'profiled nmethods': size=120000Kb used=33312Kb max_used=35224Kb free=86687Kb
 bounds [0x0000028d34a70000, 0x0000028d36d00000, 0x0000028d3bfa0000]
CodeHeap 'non-nmethods': size=5760Kb used=2411Kb max_used=2505Kb free=3348Kb
 bounds [0x0000028d344d0000, 0x0000028d34750000, 0x0000028d34a70000]
 total_blobs=15334 nmethods=14401 adapters=845
 compilation: enabled
              stopped_count=0, restarted_count=0
 full_count=0

Compilation events (20 events):
Event: 412.165 Thread 0x0000028d55736000 16500       4       java.lang.StringUTF16::compress (59 bytes)
Event: 412.169 Thread 0x0000028d55736000 nmethod 16500 0x0000028d3c6b9490 code [0x0000028d3c6b9620, 0x0000028d3c6b98f8]
Event: 412.169 Thread 0x0000028d55736000 16506       4       java.util.regex.Matcher::group (112 bytes)
Event: 412.178 Thread 0x0000028d55736000 nmethod 16506 0x0000028d3c2e2390 code [0x0000028d3c2e2580, 0x0000028d3c2e32f8]
Event: 412.178 Thread 0x0000028d55736000 16499       4       com.android.tools.build.jetifier.core.config.Config::isEligibleForRewriteInternal (29 bytes)
Event: 412.183 Thread 0x0000028d55736000 nmethod 16499 0x0000028d3c3ee690 code [0x0000028d3c3ee880, 0x0000028d3c3eebe8]
Event: 412.183 Thread 0x0000028d55736000 16477       4       kotlin.text.StringsKt__StringsJVMKt::equals (32 bytes)
Event: 412.190 Thread 0x0000028d55736000 nmethod 16477 0x0000028d3c07ee90 code [0x0000028d3c07f040, 0x0000028d3c07f6d8]
Event: 412.190 Thread 0x0000028d55736000 16490       4       kotlin.text.StringsKt__StringsKt::contains$default (15 bytes)
Event: 412.193 Thread 0x0000028d55736000 nmethod 16490 0x0000028d3c2ba690 code [0x0000028d3c2ba840, 0x0000028d3c2baeb8]
Event: 412.193 Thread 0x0000028d55736000 16507 %     4       java.lang.StringCoding::decodeUTF8_0 @ 199 (897 bytes)
Event: 412.197 Thread 0x0000028d55733800 nmethod 16476 0x0000028d3c51f910 code [0x0000028d3c51fc00, 0x0000028d3c5222f8]
Event: 412.201 Thread 0x0000028d55736000 nmethod 16507% 0x0000028d3c118e90 code [0x0000028d3c119060, 0x0000028d3c119968]
Event: 412.245 Thread 0x0000028d55733800 16508       4       com.android.tools.build.jetifier.processor.transform.bytecode.ByteCodeTransformer::canTransform (26 bytes)
Event: 412.246 Thread 0x0000028d55733800 nmethod 16508 0x0000028d3c1bee90 code [0x0000028d3c1bf040, 0x0000028d3c1bf108]
Event: 412.267 Thread 0x0000028d55736000 16509       4       com.android.tools.build.jetifier.processor.Processor::visit (145 bytes)
Event: 412.324 Thread 0x0000028d4bb6a800 nmethod 16475 0x0000028d3ce49490 code [0x0000028d3ce49d20, 0x0000028d3ce53ef0]
Event: 412.330 Thread 0x0000028d55733800 16510       4       org.objectweb.asm.SymbolTable::addConstantLongOrDouble (109 bytes)
Event: 412.348 Thread 0x0000028d4bb6a800 16511       4       org.objectweb.asm.MethodWriter::visitIincInsn (135 bytes)
Event: 412.348 Thread 0x0000028d55736000 nmethod 16509 0x0000028d3c531e10 code [0x0000028d3c5321a0, 0x0000028d3c534d70]

GC Heap History (20 events):
Event: 411.824 GC heap after
{Heap after GC invocations=120 (full 0):
 garbage-first heap   total 228352K, used 133414K [0x0000000080000000, 0x0000000100000000)
  region size 1024K, 1 young (1024K), 1 survivors (1024K)
 Metaspace       used 106955K, capacity 109718K, committed 109996K, reserved 1144832K
  class space    used 13006K, capacity 13982K, committed 14080K, reserved 1048576K
}
Event: 411.876 GC heap before
{Heap before GC invocations=120 (full 0):
 garbage-first heap   total 228352K, used 167206K [0x0000000080000000, 0x0000000100000000)
  region size 1024K, 30 young (30720K), 1 survivors (1024K)
 Metaspace       used 106955K, capacity 109718K, committed 109996K, reserved 1144832K
  class space    used 13006K, capacity 13982K, committed 14080K, reserved 1048576K
}
Event: 411.878 GC heap after
{Heap after GC invocations=121 (full 0):
 garbage-first heap   total 228352K, used 134553K [0x0000000080000000, 0x0000000100000000)
  region size 1024K, 1 young (1024K), 1 survivors (1024K)
 Metaspace       used 106955K, capacity 109718K, committed 109996K, reserved 1144832K
  class space    used 13006K, capacity 13982K, committed 14080K, reserved 1048576K
}
Event: 411.928 GC heap before
{Heap before GC invocations=122 (full 0):
 garbage-first heap   total 228352K, used 167321K [0x0000000080000000, 0x0000000100000000)
  region size 1024K, 33 young (33792K), 1 survivors (1024K)
 Metaspace       used 106955K, capacity 109718K, committed 109996K, reserved 1144832K
  class space    used 13006K, capacity 13982K, committed 14080K, reserved 1048576K
}
Event: 411.929 GC heap after
{Heap after GC invocations=123 (full 0):
 garbage-first heap   total 228352K, used 134538K [0x0000000080000000, 0x0000000100000000)
  region size 1024K, 1 young (1024K), 1 survivors (1024K)
 Metaspace       used 106955K, capacity 109718K, committed 109996K, reserved 1144832K
  class space    used 13006K, capacity 13982K, committed 14080K, reserved 1048576K
}
Event: 411.942 GC heap before
{Heap before GC invocations=123 (full 0):
 garbage-first heap   total 228352K, used 144778K [0x0000000080000000, 0x0000000100000000)
  region size 1024K, 11 young (11264K), 1 survivors (1024K)
 Metaspace       used 106955K, capacity 109718K, committed 109996K, reserved 1144832K
  class space    used 13006K, capacity 13982K, committed 14080K, reserved 1048576K
}
Event: 411.944 GC heap after
{Heap after GC invocations=124 (full 0):
 garbage-first heap   total 228352K, used 134303K [0x0000000080000000, 0x0000000100000000)
  region size 1024K, 1 young (1024K), 1 survivors (1024K)
 Metaspace       used 106955K, capacity 109718K, committed 109996K, reserved 1144832K
  class space    used 13006K, capacity 13982K, committed 14080K, reserved 1048576K
}
Event: 411.989 GC heap before
{Heap before GC invocations=124 (full 0):
 garbage-first heap   total 228352K, used 170143K [0x0000000080000000, 0x0000000100000000)
  region size 1024K, 36 young (36864K), 1 survivors (1024K)
 Metaspace       used 106955K, capacity 109718K, committed 109996K, reserved 1144832K
  class space    used 13006K, capacity 13982K, committed 14080K, reserved 1048576K
}
Event: 411.990 GC heap after
{Heap after GC invocations=125 (full 0):
 garbage-first heap   total 228352K, used 134211K [0x0000000080000000, 0x0000000100000000)
  region size 1024K, 1 young (1024K), 1 survivors (1024K)
 Metaspace       used 106955K, capacity 109718K, committed 109996K, reserved 1144832K
  class space    used 13006K, capacity 13982K, committed 14080K, reserved 1048576K
}
Event: 412.067 GC heap before
{Heap before GC invocations=125 (full 0):
 garbage-first heap   total 228352K, used 172099K [0x0000000080000000, 0x0000000100000000)
  region size 1024K, 38 young (38912K), 1 survivors (1024K)
 Metaspace       used 106955K, capacity 109718K, committed 109996K, reserved 1144832K
  class space    used 13006K, capacity 13982K, committed 14080K, reserved 1048576K
}
Event: 412.069 GC heap after
{Heap after GC invocations=126 (full 0):
 garbage-first heap   total 228352K, used 134228K [0x0000000080000000, 0x0000000100000000)
  region size 1024K, 1 young (1024K), 1 survivors (1024K)
 Metaspace       used 106955K, capacity 109718K, committed 109996K, reserved 1144832K
  class space    used 13006K, capacity 13982K, committed 14080K, reserved 1048576K
}
Event: 412.123 GC heap before
{Heap before GC invocations=127 (full 0):
 garbage-first heap   total 228352K, used 174164K [0x0000000080000000, 0x0000000100000000)
  region size 1024K, 40 young (40960K), 1 survivors (1024K)
 Metaspace       used 106955K, capacity 109718K, committed 109996K, reserved 1144832K
  class space    used 13006K, capacity 13982K, committed 14080K, reserved 1048576K
}
Event: 412.124 GC heap after
{Heap after GC invocations=128 (full 0):
 garbage-first heap   total 228352K, used 135261K [0x0000000080000000, 0x0000000100000000)
  region size 1024K, 2 young (2048K), 2 survivors (2048K)
 Metaspace       used 106955K, capacity 109718K, committed 109996K, reserved 1144832K
  class space    used 13006K, capacity 13982K, committed 14080K, reserved 1048576K
}
Event: 412.212 GC heap before
{Heap before GC invocations=128 (full 0):
 garbage-first heap   total 228352K, used 177245K [0x0000000080000000, 0x0000000100000000)
  region size 1024K, 43 young (44032K), 2 survivors (2048K)
 Metaspace       used 106979K, capacity 109788K, committed 109996K, reserved 1144832K
  class space    used 13008K, capacity 13983K, committed 14080K, reserved 1048576K
}
Event: 412.214 GC heap after
{Heap after GC invocations=129 (full 0):
 garbage-first heap   total 228352K, used 136328K [0x0000000080000000, 0x0000000100000000)
  region size 1024K, 3 young (3072K), 3 survivors (3072K)
 Metaspace       used 106979K, capacity 109788K, committed 109996K, reserved 1144832K
  class space    used 13008K, capacity 13983K, committed 14080K, reserved 1048576K
}
Event: 412.289 GC heap before
{Heap before GC invocations=130 (full 0):
 garbage-first heap   total 228352K, used 179336K [0x0000000080000000, 0x0000000100000000)
  region size 1024K, 45 young (46080K), 3 survivors (3072K)
 Metaspace       used 106979K, capacity 109788K, committed 109996K, reserved 1144832K
  class space    used 13008K, capacity 13983K, committed 14080K, reserved 1048576K
}
Event: 412.291 GC heap after
{Heap after GC invocations=131 (full 0):
 garbage-first heap   total 228352K, used 137390K [0x0000000080000000, 0x0000000100000000)
  region size 1024K, 4 young (4096K), 4 survivors (4096K)
 Metaspace       used 106979K, capacity 109788K, committed 109996K, reserved 1144832K
  class space    used 13008K, capacity 13983K, committed 14080K, reserved 1048576K
}
Event: 412.304 GC heap before
{Heap before GC invocations=131 (full 0):
 garbage-first heap   total 228352K, used 144558K [0x0000000080000000, 0x0000000100000000)
  region size 1024K, 11 young (11264K), 4 survivors (4096K)
 Metaspace       used 106979K, capacity 109788K, committed 109996K, reserved 1144832K
  class space    used 13008K, capacity 13983K, committed 14080K, reserved 1048576K
}
Event: 412.306 GC heap after
{Heap after GC invocations=132 (full 0):
 garbage-first heap   total 228352K, used 135446K [0x0000000080000000, 0x0000000100000000)
  region size 1024K, 1 young (1024K), 1 survivors (1024K)
 Metaspace       used 106979K, capacity 109788K, committed 109996K, reserved 1144832K
  class space    used 13008K, capacity 13983K, committed 14080K, reserved 1048576K
}
Event: 412.349 GC heap before
{Heap before GC invocations=132 (full 0):
 garbage-first heap   total 228352K, used 179478K [0x0000000080000000, 0x0000000100000000)
  region size 1024K, 44 young (45056K), 1 survivors (1024K)
 Metaspace       used 106979K, capacity 109788K, committed 109996K, reserved 1144832K
  class space    used 13008K, capacity 13983K, committed 14080K, reserved 1048576K
}

Deoptimization events (20 events):
Event: 412.140 Thread 0x0000028d67d06800 Uncommon trap: trap_request=0xffffff4d fr.pc=0x0000028d3c885dc4 relative=0x00000000000000a4
Event: 412.140 Thread 0x0000028d67d06800 Uncommon trap: reason=unstable_if action=reinterpret pc=0x0000028d3c885dc4 method=java.util.regex.CharPredicates.lambda$ASCII_SPACE$17(I)Z @ 4 c2
Event: 412.140 Thread 0x0000028d67d06800 DEOPT PACKING pc=0x0000028d3c885dc4 sp=0x000000a1826fb3e0
Event: 412.140 Thread 0x0000028d67d06800 DEOPT UNPACKING pc=0x0000028d3451a1af sp=0x000000a1826fb308 mode 2
Event: 412.141 Thread 0x0000028d67d06800 Uncommon trap: trap_request=0xffffff4d fr.pc=0x0000028d3c6a6924 relative=0x00000000000005c4
Event: 412.141 Thread 0x0000028d67d06800 Uncommon trap: reason=unstable_if action=reinterpret pc=0x0000028d3c6a6924 method=java.lang.StringCoding.decodeUTF8([BIIZ)Ljava/lang/StringCoding$Result; @ 12 c2
Event: 412.141 Thread 0x0000028d67d06800 DEOPT PACKING pc=0x0000028d3c6a6924 sp=0x000000a1826fb360
Event: 412.141 Thread 0x0000028d67d06800 DEOPT UNPACKING pc=0x0000028d3451a1af sp=0x000000a1826fb320 mode 2
Event: 412.145 Thread 0x0000028d67d06800 Uncommon trap: trap_request=0xffffff4d fr.pc=0x0000028d3c02c0f4 relative=0x0000000000000594
Event: 412.145 Thread 0x0000028d67d06800 Uncommon trap: reason=unstable_if action=reinterpret pc=0x0000028d3c02c0f4 method=java.lang.AbstractStringBuilder.isLatin1()Z @ 10 c2
Event: 412.145 Thread 0x0000028d67d06800 DEOPT PACKING pc=0x0000028d3c02c0f4 sp=0x000000a1826fb4b0
Event: 412.145 Thread 0x0000028d67d06800 DEOPT UNPACKING pc=0x0000028d3451a1af sp=0x000000a1826fb338 mode 2
Event: 412.145 Thread 0x0000028d67d06800 Uncommon trap: trap_request=0xffffff4d fr.pc=0x0000028d3bfd30fc relative=0x00000000000004bc
Event: 412.145 Thread 0x0000028d67d06800 Uncommon trap: reason=unstable_if action=reinterpret pc=0x0000028d3bfd30fc method=java.lang.AbstractStringBuilder.putStringAt(ILjava/lang/String;)V @ 8 c2
Event: 412.145 Thread 0x0000028d67d06800 DEOPT PACKING pc=0x0000028d3bfd30fc sp=0x000000a1826fb4d0
Event: 412.145 Thread 0x0000028d67d06800 DEOPT UNPACKING pc=0x0000028d3451a1af sp=0x000000a1826fb3d8 mode 2
Event: 412.146 Thread 0x0000028d67d06800 Uncommon trap: trap_request=0xffffff4d fr.pc=0x0000028d3c3aeba0 relative=0x0000000000000080
Event: 412.146 Thread 0x0000028d67d06800 Uncommon trap: reason=unstable_if action=reinterpret pc=0x0000028d3c3aeba0 method=java.util.regex.Pattern.lambda$clazz$1(Ljava/util/regex/Pattern$BitClass;I)Z @ 4 c2
Event: 412.146 Thread 0x0000028d67d06800 DEOPT PACKING pc=0x0000028d3c3aeba0 sp=0x000000a1826fb410
Event: 412.146 Thread 0x0000028d67d06800 DEOPT UNPACKING pc=0x0000028d3451a1af sp=0x000000a1826fb330 mode 2

Classes redefined (0 events):
No events

Internal exceptions (20 events):
Event: 375.572 Thread 0x0000028d67d0d000 Exception <a 'sun/nio/fs/WindowsException'{0x000000008c6fbaa0}> (0x000000008c6fbaa0) thrown at [./src/hotspot/share/prims/jni.cpp, line 615]
Event: 375.586 Thread 0x0000028d50db3000 Exception <a 'sun/nio/fs/WindowsException'{0x000000008c187998}> (0x000000008c187998) thrown at [./src/hotspot/share/prims/jni.cpp, line 615]
Event: 375.596 Thread 0x0000028d67d0d000 Exception <a 'sun/nio/fs/WindowsException'{0x000000008bc55f10}> (0x000000008bc55f10) thrown at [./src/hotspot/share/prims/jni.cpp, line 615]
Event: 375.667 Thread 0x0000028d67d0d000 Exception <a 'sun/nio/fs/WindowsException'{0x0000000089b97d30}> (0x0000000089b97d30) thrown at [./src/hotspot/share/prims/jni.cpp, line 615]
Event: 375.758 Thread 0x0000028d67d07000 Exception <a 'sun/nio/fs/WindowsException'{0x000000008a520ca8}> (0x000000008a520ca8) thrown at [./src/hotspot/share/prims/jni.cpp, line 615]
Event: 375.761 Thread 0x0000028d67d0d000 Exception <a 'sun/nio/fs/WindowsException'{0x000000008a388fc0}> (0x000000008a388fc0) thrown at [./src/hotspot/share/prims/jni.cpp, line 615]
Event: 375.784 Thread 0x0000028d67d07000 Exception <a 'sun/nio/fs/WindowsException'{0x00000000894916d0}> (0x00000000894916d0) thrown at [./src/hotspot/share/prims/jni.cpp, line 615]
Event: 375.792 Thread 0x0000028d67d0d000 Exception <a 'sun/nio/fs/WindowsException'{0x000000008dc9e8b0}> (0x000000008dc9e8b0) thrown at [./src/hotspot/share/prims/jni.cpp, line 615]
Event: 375.849 Thread 0x0000028d50db3000 Exception <a 'sun/nio/fs/WindowsException'{0x000000008c14c270}> (0x000000008c14c270) thrown at [./src/hotspot/share/prims/jni.cpp, line 615]
Event: 375.876 Thread 0x0000028d50db3000 Exception <a 'sun/nio/fs/WindowsException'{0x000000008c0602e0}> (0x000000008c0602e0) thrown at [./src/hotspot/share/prims/jni.cpp, line 615]
Event: 375.882 Thread 0x0000028d67d0d000 Exception <a 'sun/nio/fs/WindowsException'{0x000000008dceb328}> (0x000000008dceb328) thrown at [./src/hotspot/share/prims/jni.cpp, line 615]
Event: 375.909 Thread 0x0000028d4e769000 Exception <a 'java/net/SocketTimeoutException'{0x000000008bf132f8}: Read timed out> (0x000000008bf132f8) thrown at [./src/hotspot/share/prims/jni.cpp, line 636]
Event: 376.325 Thread 0x0000028d67d0d000 Exception <a 'sun/nio/fs/WindowsException'{0x000000008a21b080}> (0x000000008a21b080) thrown at [./src/hotspot/share/prims/jni.cpp, line 615]
Event: 379.996 Thread 0x0000028d67d08800 Implicit null exception at 0x0000028d3c22d801 to 0x0000028d3c22d9ec
Event: 380.017 Thread 0x0000028d67d08800 Exception <a 'sun/nio/fs/WindowsException'{0x000000008c931080}> (0x000000008c931080) thrown at [./src/hotspot/share/prims/jni.cpp, line 615]
Event: 384.674 Thread 0x0000028d50db2800 Exception <a 'sun/nio/fs/WindowsException'{0x000000008a22ee10}> (0x000000008a22ee10) thrown at [./src/hotspot/share/prims/jni.cpp, line 615]
Event: 385.044 Thread 0x0000028d50dac800 Exception <a 'sun/nio/fs/WindowsException'{0x000000008b2fde08}> (0x000000008b2fde08) thrown at [./src/hotspot/share/prims/jni.cpp, line 615]
Event: 391.179 Thread 0x0000028d67d0a800 Exception <a 'sun/nio/fs/WindowsException'{0x000000008d2d4520}> (0x000000008d2d4520) thrown at [./src/hotspot/share/prims/jni.cpp, line 615]
Event: 395.203 Thread 0x0000028d50db1800 Exception <a 'sun/nio/fs/WindowsException'{0x000000008a842028}> (0x000000008a842028) thrown at [./src/hotspot/share/prims/jni.cpp, line 615]
Event: 405.838 Thread 0x0000028d67d0b000 Exception <a 'sun/nio/fs/WindowsException'{0x000000008b4c2a58}> (0x000000008b4c2a58) thrown at [./src/hotspot/share/prims/jni.cpp, line 615]

Events (20 events):
Event: 412.124 Executing VM operation: G1CollectForAllocation done
Event: 412.136 loading class com/android/tools/build/jetifier/core/type/PackageName
Event: 412.136 loading class com/android/tools/build/jetifier/core/type/PackageName done
Event: 412.136 Executing VM operation: RevokeBias
Event: 412.136 Executing VM operation: RevokeBias done
Event: 412.137 loading class com/android/tools/build/jetifier/core/type/PackageName$Companion
Event: 412.137 loading class com/android/tools/build/jetifier/core/type/PackageName$Companion done
Event: 412.143 Thread 0x0000028d55733800 Thread added: 0x0000028d55733800
Event: 412.156 Thread 0x0000028d55736000 Thread added: 0x0000028d55736000
Event: 412.211 Executing VM operation: G1CollectForAllocation
Event: 412.214 Executing VM operation: G1CollectForAllocation done
Event: 412.255 Executing VM operation: CGC_Operation
Event: 412.263 Executing VM operation: CGC_Operation done
Event: 412.287 Executing VM operation: CGC_Operation
Event: 412.287 Executing VM operation: CGC_Operation done
Event: 412.289 Executing VM operation: G1CollectForAllocation
Event: 412.291 Executing VM operation: G1CollectForAllocation done
Event: 412.304 Executing VM operation: G1CollectForAllocation
Event: 412.306 Executing VM operation: G1CollectForAllocation done
Event: 412.349 Executing VM operation: G1CollectForAllocation


Dynamic libraries:
0x00007ff6acfa0000 - 0x00007ff6acfaa000 	D:\Programs\Android\Android Studio\jre\bin\java.exe
0x00007ff8b4b30000 - 0x00007ff8b4d28000 	C:\Windows\SYSTEM32\ntdll.dll
0x00007ff8b2b70000 - 0x00007ff8b2c2f000 	C:\Windows\System32\KERNEL32.DLL
0x00007ff8b2730000 - 0x00007ff8b2a02000 	C:\Windows\System32\KERNELBASE.dll
0x00007ff8b23c0000 - 0x00007ff8b24c0000 	C:\Windows\System32\ucrtbase.dll
0x00007ff8a1a50000 - 0x00007ff8a1a67000 	D:\Programs\Android\Android Studio\jre\bin\VCRUNTIME140.dll
0x00007ff8a9e60000 - 0x00007ff8a9e79000 	D:\Programs\Android\Android Studio\jre\bin\jli.dll
0x00007ff8b3f70000 - 0x00007ff8b4111000 	C:\Windows\System32\USER32.dll
0x00007ff8b2b40000 - 0x00007ff8b2b62000 	C:\Windows\System32\win32u.dll
0x00007ff8b42f0000 - 0x00007ff8b431b000 	C:\Windows\System32\GDI32.dll
0x00007ff8a01c0000 - 0x00007ff8a045a000 	C:\Windows\WinSxS\amd64_microsoft.windows.common-controls_6595b64144ccf1df_6.0.19041.1110_none_60b5254171f9507e\COMCTL32.dll
0x00007ff8b22b0000 - 0x00007ff8b23bf000 	C:\Windows\System32\gdi32full.dll
0x00007ff8b24c0000 - 0x00007ff8b255d000 	C:\Windows\System32\msvcp_win.dll
0x00007ff8b3640000 - 0x00007ff8b36de000 	C:\Windows\System32\msvcrt.dll
0x00007ff8b49d0000 - 0x00007ff8b4a02000 	C:\Windows\System32\IMM32.DLL
0x00007ff895b50000 - 0x00007ff895bed000 	D:\Programs\Android\Android Studio\jre\bin\msvcp140.dll
0x00007ff882960000 - 0x00007ff883445000 	D:\Programs\Android\Android Studio\jre\bin\server\jvm.dll
0x00007ff8b4800000 - 0x00007ff8b48ae000 	C:\Windows\System32\ADVAPI32.dll
0x00007ff8b30a0000 - 0x00007ff8b313c000 	C:\Windows\System32\sechost.dll
0x00007ff8b3140000 - 0x00007ff8b3265000 	C:\Windows\System32\RPCRT4.dll
0x00007ff8b4ae0000 - 0x00007ff8b4ae8000 	C:\Windows\System32\PSAPI.DLL
0x00007ff8ad6c0000 - 0x00007ff8ad6c9000 	C:\Windows\SYSTEM32\WSOCK32.dll
0x00007ff8a8840000 - 0x00007ff8a8867000 	C:\Windows\SYSTEM32\WINMM.dll
0x00007ff8a8cf0000 - 0x00007ff8a8cfa000 	C:\Windows\SYSTEM32\VERSION.dll
0x00007ff8b4320000 - 0x00007ff8b438b000 	C:\Windows\System32\WS2_32.dll
0x00007ff8b0a30000 - 0x00007ff8b0a42000 	C:\Windows\SYSTEM32\kernel.appcore.dll
0x00007ff8aaf90000 - 0x00007ff8aafa1000 	D:\Programs\Android\Android Studio\jre\bin\verify.dll
0x00007ff8afe50000 - 0x00007ff8b0034000 	C:\Windows\SYSTEM32\DBGHELP.DLL
0x00007ff89c250000 - 0x00007ff89c285000 	C:\Windows\SYSTEM32\dbgcore.DLL
0x00007ff8b2220000 - 0x00007ff8b22a2000 	C:\Windows\System32\bcryptPrimitives.dll
0x00007ff8a1c30000 - 0x00007ff8a1c59000 	D:\Programs\Android\Android Studio\jre\bin\java.dll
0x00007ff8ac4d0000 - 0x00007ff8ac4db000 	D:\Programs\Android\Android Studio\jre\bin\jimage.dll
0x00007ff8a8d10000 - 0x00007ff8a8d28000 	D:\Programs\Android\Android Studio\jre\bin\zip.dll
0x00007ff8b3820000 - 0x00007ff8b3f64000 	C:\Windows\System32\SHELL32.dll
0x00007ff8b0280000 - 0x00007ff8b0a12000 	C:\Windows\SYSTEM32\windows.storage.dll
0x00007ff8b4440000 - 0x00007ff8b4795000 	C:\Windows\System32\combase.dll
0x00007ff8b1ac0000 - 0x00007ff8b1af0000 	C:\Windows\SYSTEM32\Wldp.dll
0x00007ff8b4390000 - 0x00007ff8b443d000 	C:\Windows\System32\SHCORE.dll
0x00007ff8b37c0000 - 0x00007ff8b3815000 	C:\Windows\System32\shlwapi.dll
0x00007ff8b2160000 - 0x00007ff8b217f000 	C:\Windows\SYSTEM32\profapi.dll
0x00007ff8a5130000 - 0x00007ff8a514a000 	D:\Programs\Android\Android Studio\jre\bin\net.dll
0x00007ff8a5f60000 - 0x00007ff8a606c000 	C:\Windows\SYSTEM32\WINHTTP.dll
0x00007ff8b18a0000 - 0x00007ff8b190a000 	C:\Windows\system32\mswsock.dll
0x00007ff8a1b70000 - 0x00007ff8a1b84000 	D:\Programs\Android\Android Studio\jre\bin\nio.dll
0x00007ff8ad6e0000 - 0x00007ff8ad707000 	C:\Users\Artik\.gradle\native\f6784746aeab05261644944871eae4fe03e0ef1612fff0a4a95f87b438bc6780\windows-amd64\native-platform.dll
0x00007ff8a1c20000 - 0x00007ff8a1c2a000 	D:\Programs\Android\Android Studio\jre\bin\management.dll
0x00007ff8a1b60000 - 0x00007ff8a1b6d000 	D:\Programs\Android\Android Studio\jre\bin\management_ext.dll
0x00007ff8b1b00000 - 0x00007ff8b1b18000 	C:\Windows\SYSTEM32\CRYPTSP.dll
0x00007ff8b11e0000 - 0x00007ff8b1214000 	C:\Windows\system32\rsaenh.dll
0x00007ff8b2a10000 - 0x00007ff8b2a37000 	C:\Windows\System32\bcrypt.dll
0x00007ff8b2120000 - 0x00007ff8b214e000 	C:\Windows\SYSTEM32\USERENV.dll
0x00007ff8b1a30000 - 0x00007ff8b1a3c000 	C:\Windows\SYSTEM32\CRYPTBASE.dll
0x00007ff8b15b0000 - 0x00007ff8b15eb000 	C:\Windows\SYSTEM32\IPHLPAPI.DLL
0x00007ff8b3400000 - 0x00007ff8b3408000 	C:\Windows\System32\NSI.dll
0x00007ff8a8d90000 - 0x00007ff8a8da7000 	C:\Windows\SYSTEM32\dhcpcsvc6.DLL
0x00007ff8a8d70000 - 0x00007ff8a8d8d000 	C:\Windows\SYSTEM32\dhcpcsvc.DLL
0x00007ff8b15f0000 - 0x00007ff8b16ba000 	C:\Windows\SYSTEM32\DNSAPI.dll
0x00007ff8aa380000 - 0x00007ff8aa38b000 	C:\Windows\SYSTEM32\WINNSI.DLL
0x00007ff8a1650000 - 0x00007ff8a1677000 	D:\Programs\Android\Android Studio\jre\bin\sunec.dll
0x00007ff8a5ec0000 - 0x00007ff8a5eca000 	C:\Windows\System32\rasadhlp.dll
0x00007ff8a59e0000 - 0x00007ff8a5a60000 	C:\Windows\System32\fwpuclnt.dll
0x00007ff8b1300000 - 0x00007ff8b1333000 	C:\Windows\SYSTEM32\ntmarta.dll

dbghelp: loaded successfully - version: 4.0.5 - missing functions: none
symbol engine: initialized successfully - sym options: 0x614 - pdb path: .;D:\Programs\Android\Android Studio\jre\bin;C:\Windows\SYSTEM32;C:\Windows\WinSxS\amd64_microsoft.windows.common-controls_6595b64144ccf1df_6.0.19041.1110_none_60b5254171f9507e;D:\Programs\Android\Android Studio\jre\bin\server;C:\Users\Artik\.gradle\native\f6784746aeab05261644944871eae4fe03e0ef1612fff0a4a95f87b438bc6780\windows-amd64

VM Arguments:
jvm_args: --add-opens=java.base/java.util=ALL-UNNAMED --add-opens=java.base/java.lang=ALL-UNNAMED --add-opens=java.base/java.lang.invoke=ALL-UNNAMED --add-opens=java.prefs/java.util.prefs=ALL-UNNAMED -Xmx2048m -Dfile.encoding=UTF-8 -Duser.country=RU -Duser.language=ru -Duser.variant 
java_command: org.gradle.launcher.daemon.bootstrap.GradleDaemon 6.5
java_class_path (initial): C:\Users\Artik\.gradle\wrapper\dists\gradle-6.5-bin\6nifqtx7604sqp1q6g8wikw7p\gradle-6.5\lib\gradle-launcher-6.5.jar
Launcher Type: SUN_STANDARD

[Global flags]
     intx CICompilerCount                          = 4                                         {product} {ergonomic}
     uint ConcGCThreads                            = 3                                         {product} {ergonomic}
     uint G1ConcRefinementThreads                  = 10                                        {product} {ergonomic}
   size_t G1HeapRegionSize                         = 1048576                                   {product} {ergonomic}
    uintx GCDrainStackTargetSize                   = 64                                        {product} {ergonomic}
   size_t InitialHeapSize                          = 232783872                                 {product} {ergonomic}
   size_t MarkStackSize                            = 4194304                                   {product} {ergonomic}
   size_t MaxHeapSize                              = 2147483648                                {product} {command line}
   size_t MaxNewSize                               = 1287651328                                {product} {ergonomic}
   size_t MinHeapDeltaBytes                        = 1048576                                   {product} {ergonomic}
    uintx NonNMethodCodeHeapSize                   = 5836300                                {pd product} {ergonomic}
    uintx NonProfiledCodeHeapSize                  = 122910970                              {pd product} {ergonomic}
    uintx ProfiledCodeHeapSize                     = 122910970                              {pd product} {ergonomic}
    uintx ReservedCodeCacheSize                    = 251658240                              {pd product} {ergonomic}
     bool SegmentedCodeCache                       = true                                      {product} {ergonomic}
     bool UseCompressedClassPointers               = true                                 {lp64_product} {ergonomic}
     bool UseCompressedOops                        = true                                 {lp64_product} {ergonomic}
     bool UseG1GC                                  = true                                      {product} {ergonomic}
     bool UseLargePagesIndividualAllocation        = false                                  {pd product} {ergonomic}

Logging:
Log output configuration:
 #0: stdout all=warning uptime,level,tags
 #1: stderr all=off uptime,level,tags

Environment Variables:
JAVA_HOME=C:\Program Files\Java\jdk-17.0.2
CLASSPATH=.;
PATH=C:\Program Files\Common Files\Oracle\Java\javapath;C:\Windows\system32;C:\Windows;C:\Windows\System32\Wbem;C:\Windows\System32\WindowsPowerShell\v1.0\;C:\Windows\System32\OpenSSH\;C:\Program Files\Microsoft SQL Server\Client SDK\ODBC\170\Tools\Binn\;C:\Users\Artik\AppData\Local\Programs\Python\Python310\;C:\Users\Artik\AppData\Local\Programs\Python\Python310\Scripts\;C:\Program Files\Java\jdk-17.0.2\bin;D:\Programs\apache-ant-1.10.9\bin;C:\Program Files\Graphviz\bin;C:\Program Files\Git\cmd;D:\Programs\Node js\;C:\Program Files\Microsoft SQL Server\150\Tools\Binn\;C:\Program Files\dotnet\;C:\Users\Artik\AppData\Local\Microsoft\WindowsApps;C:\Program Files\Azure Data Studio\bin;C:\Program Files\Graphviz\bin;C:\Users\Artik\AppData\Roaming\npm;D:\Programs\WebStorm 2022.3\bin;;D:\Programs\IntelliJ IDEA 2022.3\bin;;D:\Programs\PyCharm 2022.3\bin;;C:\Users\Artik\.dotnet\tools
USERNAME=Artik
OS=Windows_NT
PROCESSOR_IDENTIFIER=AMD64 Family 23 Model 104 Stepping 1, AuthenticAMD



---------------  S Y S T E M  ---------------

OS: Windows 10 , 64 bit Build 19041 (10.0.19041.2364)
OS uptime: 0 days 21:21 hours
Hyper-V role detected

CPU:total 12 (initial active 12) (12 cores per cpu, 2 threads per core) family 23 model 104 stepping 1 microcode 0x0, cmov, cx8, fxsr, mmx, sse, sse2, sse3, ssse3, sse4.1, sse4.2, popcnt, avx, avx2, aes, clmul, mmxext, 3dnowpref, lzcnt, sse4a, ht, tsc, tscinvbit, tscinv, bmi1, bmi2, adx, sha, fma

Memory: 4k page, system-wide physical 14158M (2776M free)
TotalPageFile size 15158M (AvailPageFile size 24M)
current process WorkingSet (physical memory assigned to process): 611M, peak: 628M
current process commit charge ("private bytes"): 650M, peak: 832M

vm_info: OpenJDK 64-Bit Server VM (11.0.12+7-b1504.28-7817840) for windows-amd64 JRE (11.0.12+7-b1504.28-7817840), built on Oct 13 2021 22:12:33 by "builder" with MS VC++ 14.0 (VS2015)

END.
